[2023-03-12T01:34:04.553+0000] {manager.py:483} INFO - Processing files using up to 2 processes at a time 
[2023-03-12T01:34:04.584+0000] {manager.py:484} INFO - Process each file at most once every 30 seconds
[2023-03-12T01:34:04.585+0000] {manager.py:486} INFO - Checking for new files in /opt/airflow/dags every 300 seconds
[2023-03-12T01:34:04.587+0000] {manager.py:726} INFO - Searching for files in /opt/airflow/dags
[2023-03-12T01:34:04.634+0000] {manager.py:729} INFO - There are 1 files in /opt/airflow/dags
[2023-03-12T01:34:05.071+0000] {manager.py:854} INFO - 
================================================================================
DAG File Processing Stats

File Path                         PID  Runtime      # DAGs    # Errors  Last Runtime    Last Run
------------------------------  -----  ---------  --------  ----------  --------------  ----------
/opt/airflow/dags/exemplo_1.py     56  0.28s             0           0
================================================================================
[2023-03-12T01:34:35.391+0000] {manager.py:854} INFO - 
================================================================================
DAG File Processing Stats

File Path                       PID    Runtime      # DAGs    # Errors  Last Runtime    Last Run
------------------------------  -----  ---------  --------  ----------  --------------  -------------------
/opt/airflow/dags/exemplo_1.py                           1           0  2.54s           2023-03-12T01:34:07
================================================================================
[2023-03-12T01:35:05.586+0000] {manager.py:854} INFO - 
================================================================================
DAG File Processing Stats

File Path                       PID    Runtime      # DAGs    # Errors  Last Runtime    Last Run
------------------------------  -----  ---------  --------  ----------  --------------  -------------------
/opt/airflow/dags/exemplo_1.py                           1           0  0.29s           2023-03-12T01:34:37
================================================================================
[2023-03-12T01:35:36.404+0000] {manager.py:854} INFO - 
================================================================================
DAG File Processing Stats

File Path                       PID    Runtime      # DAGs    # Errors  Last Runtime    Last Run
------------------------------  -----  ---------  --------  ----------  --------------  -------------------
/opt/airflow/dags/exemplo_1.py                           1           0  0.22s           2023-03-12T01:35:08
================================================================================
[2023-03-12T01:36:06.751+0000] {manager.py:854} INFO - 
================================================================================
DAG File Processing Stats

File Path                       PID    Runtime      # DAGs    # Errors  Last Runtime    Last Run
------------------------------  -----  ---------  --------  ----------  --------------  -------------------
/opt/airflow/dags/exemplo_1.py                           1           0  0.25s           2023-03-12T01:35:38
================================================================================
[2023-03-12T01:36:37.122+0000] {manager.py:854} INFO - 
================================================================================
DAG File Processing Stats

File Path                       PID    Runtime      # DAGs    # Errors  Last Runtime    Last Run
------------------------------  -----  ---------  --------  ----------  --------------  -------------------
/opt/airflow/dags/exemplo_1.py                           1           0  0.61s           2023-03-12T01:36:09
================================================================================
[2023-03-12T01:37:07.660+0000] {manager.py:854} INFO - 
================================================================================
DAG File Processing Stats

File Path                       PID    Runtime      # DAGs    # Errors  Last Runtime    Last Run
------------------------------  -----  ---------  --------  ----------  --------------  -------------------
/opt/airflow/dags/exemplo_1.py                           1           0  0.54s           2023-03-12T01:36:40
================================================================================
[2023-03-12T01:37:38.214+0000] {manager.py:854} INFO - 
================================================================================
DAG File Processing Stats

File Path                       PID    Runtime      # DAGs    # Errors  Last Runtime    Last Run
------------------------------  -----  ---------  --------  ----------  --------------  -------------------
/opt/airflow/dags/exemplo_1.py                           1           0  0.55s           2023-03-12T01:37:11
================================================================================
[2023-03-12T01:38:09.056+0000] {manager.py:854} INFO - 
================================================================================
DAG File Processing Stats

File Path                       PID    Runtime      # DAGs    # Errors  Last Runtime    Last Run
------------------------------  -----  ---------  --------  ----------  --------------  -------------------
/opt/airflow/dags/exemplo_1.py                           1           0  1.13s           2023-03-12T01:37:42
================================================================================
[2023-03-12T01:38:39.640+0000] {manager.py:854} INFO - 
================================================================================
DAG File Processing Stats

File Path                       PID    Runtime      # DAGs    # Errors  Last Runtime    Last Run
------------------------------  -----  ---------  --------  ----------  --------------  -------------------
/opt/airflow/dags/exemplo_1.py                           1           0  0.24s           2023-03-12T01:38:13
================================================================================
[2023-03-12T01:39:04.847+0000] {manager.py:726} INFO - Searching for files in /opt/airflow/dags
[2023-03-12T01:39:06.782+0000] {manager.py:729} INFO - There are 1 files in /opt/airflow/dags
[2023-03-12T01:39:10.251+0000] {manager.py:854} INFO - 
================================================================================
DAG File Processing Stats

File Path                       PID    Runtime      # DAGs    # Errors  Last Runtime    Last Run
------------------------------  -----  ---------  --------  ----------  --------------  -------------------
/opt/airflow/dags/exemplo_1.py                           1           0  0.88s           2023-03-12T01:38:44
================================================================================
[2023-03-12T01:39:40.723+0000] {manager.py:854} INFO - 
================================================================================
DAG File Processing Stats

File Path                       PID    Runtime      # DAGs    # Errors  Last Runtime    Last Run
------------------------------  -----  ---------  --------  ----------  --------------  -------------------
/opt/airflow/dags/exemplo_1.py                           1           0  2.02s           2023-03-12T01:39:17
================================================================================
[2023-03-12T01:40:10.866+0000] {manager.py:854} INFO - 
================================================================================
DAG File Processing Stats

File Path                       PID    Runtime      # DAGs    # Errors  Last Runtime    Last Run
------------------------------  -----  ---------  --------  ----------  --------------  -------------------
/opt/airflow/dags/exemplo_1.py                           1           0  0.23s           2023-03-12T01:39:47
================================================================================
[2023-03-12T01:40:41.311+0000] {manager.py:854} INFO - 
================================================================================
DAG File Processing Stats

File Path                       PID    Runtime      # DAGs    # Errors  Last Runtime    Last Run
------------------------------  -----  ---------  --------  ----------  --------------  -------------------
/opt/airflow/dags/exemplo_1.py                           1           0  0.19s           2023-03-12T01:40:18
================================================================================
[2023-03-12T01:41:11.735+0000] {manager.py:854} INFO - 
================================================================================
DAG File Processing Stats

File Path                       PID    Runtime      # DAGs    # Errors  Last Runtime    Last Run
------------------------------  -----  ---------  --------  ----------  --------------  -------------------
/opt/airflow/dags/exemplo_1.py                           1           0  0.42s           2023-03-12T01:40:48
================================================================================
[2023-03-12T01:41:42.267+0000] {manager.py:854} INFO - 
================================================================================
DAG File Processing Stats

File Path                       PID    Runtime      # DAGs    # Errors  Last Runtime    Last Run
------------------------------  -----  ---------  --------  ----------  --------------  -------------------
/opt/airflow/dags/exemplo_1.py                           1           0  0.44s           2023-03-12T01:41:19
================================================================================
[2023-03-12T01:42:12.930+0000] {manager.py:854} INFO - 
================================================================================
DAG File Processing Stats

File Path                       PID    Runtime      # DAGs    # Errors  Last Runtime    Last Run
------------------------------  -----  ---------  --------  ----------  --------------  -------------------
/opt/airflow/dags/exemplo_1.py                           1           0  0.29s           2023-03-12T01:41:49
================================================================================
[2023-03-12T01:42:43.230+0000] {manager.py:854} INFO - 
================================================================================
DAG File Processing Stats

File Path                       PID    Runtime      # DAGs    # Errors  Last Runtime    Last Run
------------------------------  -----  ---------  --------  ----------  --------------  -------------------
/opt/airflow/dags/exemplo_1.py                           1           0  0.23s           2023-03-12T01:42:20
================================================================================
[2023-03-12T01:43:13.609+0000] {manager.py:854} INFO - 
================================================================================
DAG File Processing Stats

File Path                       PID    Runtime      # DAGs    # Errors  Last Runtime    Last Run
------------------------------  -----  ---------  --------  ----------  --------------  -------------------
/opt/airflow/dags/exemplo_1.py                           1           0  0.52s           2023-03-12T01:42:50
================================================================================
[2023-03-12T01:43:44.324+0000] {manager.py:854} INFO - 
================================================================================
DAG File Processing Stats

File Path                       PID    Runtime      # DAGs    # Errors  Last Runtime    Last Run
------------------------------  -----  ---------  --------  ----------  --------------  -------------------
/opt/airflow/dags/exemplo_1.py                           1           0  0.52s           2023-03-12T01:43:21
================================================================================
[2023-03-12T01:44:04.948+0000] {manager.py:726} INFO - Searching for files in /opt/airflow/dags
[2023-03-12T01:44:04.995+0000] {manager.py:729} INFO - There are 2 files in /opt/airflow/dags
[2023-03-12T01:44:15.138+0000] {manager.py:854} INFO - 
================================================================================
DAG File Processing Stats

File Path                       PID    Runtime      # DAGs    # Errors  Last Runtime    Last Run
------------------------------  -----  ---------  --------  ----------  --------------  -------------------
/opt/airflow/dags/exemplo_1.py                           1           0  0.88s           2023-03-12T01:43:53
/opt/airflow/dags/tutorial.py                            1           0  1.27s           2023-03-12T01:44:06
================================================================================
[2023-03-12T01:44:45.588+0000] {manager.py:854} INFO - 
================================================================================
DAG File Processing Stats

File Path                       PID    Runtime      # DAGs    # Errors  Last Runtime    Last Run
------------------------------  -----  ---------  --------  ----------  --------------  -------------------
/opt/airflow/dags/exemplo_1.py                           1           0  0.19s           2023-03-12T01:44:23
/opt/airflow/dags/tutorial.py                            1           0  0.34s           2023-03-12T01:44:36
================================================================================
[2023-03-12T01:45:16.297+0000] {manager.py:854} INFO - 
================================================================================
DAG File Processing Stats

File Path                       PID    Runtime      # DAGs    # Errors  Last Runtime    Last Run
------------------------------  -----  ---------  --------  ----------  --------------  -------------------
/opt/airflow/dags/exemplo_1.py                           1           0  0.22s           2023-03-12T01:44:53
/opt/airflow/dags/tutorial.py                            1           0  0.25s           2023-03-12T01:45:07
================================================================================
[2023-03-12T01:45:46.771+0000] {manager.py:854} INFO - 
================================================================================
DAG File Processing Stats

File Path                       PID    Runtime      # DAGs    # Errors  Last Runtime    Last Run
------------------------------  -----  ---------  --------  ----------  --------------  -------------------
/opt/airflow/dags/exemplo_1.py                           1           0  0.19s           2023-03-12T01:45:24
/opt/airflow/dags/tutorial.py                            1           0  0.22s           2023-03-12T01:45:37
================================================================================
