[2023-04-18T00:00:01.547+0000] {processor.py:153} INFO - Started process (PID=466) to work on /opt/airflow/dags/exemplo1.py
[2023-04-18T00:00:01.548+0000] {processor.py:743} INFO - Processing file /opt/airflow/dags/exemplo1.py for tasks to queue
[2023-04-18T00:00:01.549+0000] {logging_mixin.py:137} INFO - [2023-04-18T00:00:01.549+0000] {dagbag.py:538} INFO - Filling up the DagBag from /opt/airflow/dags/exemplo1.py
[2023-04-18T00:00:01.610+0000] {processor.py:755} WARNING - No viable dags retrieved from /opt/airflow/dags/exemplo1.py
[2023-04-18T00:00:01.627+0000] {processor.py:175} INFO - Processing /opt/airflow/dags/exemplo1.py took 0.083 seconds
[2023-04-18T00:00:31.747+0000] {processor.py:153} INFO - Started process (PID=508) to work on /opt/airflow/dags/exemplo1.py
[2023-04-18T00:00:31.748+0000] {processor.py:743} INFO - Processing file /opt/airflow/dags/exemplo1.py for tasks to queue
[2023-04-18T00:00:31.749+0000] {logging_mixin.py:137} INFO - [2023-04-18T00:00:31.749+0000] {dagbag.py:538} INFO - Filling up the DagBag from /opt/airflow/dags/exemplo1.py
[2023-04-18T00:00:31.787+0000] {processor.py:755} WARNING - No viable dags retrieved from /opt/airflow/dags/exemplo1.py
[2023-04-18T00:00:31.803+0000] {processor.py:175} INFO - Processing /opt/airflow/dags/exemplo1.py took 0.060 seconds
[2023-04-18T00:01:01.996+0000] {processor.py:153} INFO - Started process (PID=548) to work on /opt/airflow/dags/exemplo1.py
[2023-04-18T00:01:01.998+0000] {processor.py:743} INFO - Processing file /opt/airflow/dags/exemplo1.py for tasks to queue
[2023-04-18T00:01:01.999+0000] {logging_mixin.py:137} INFO - [2023-04-18T00:01:01.998+0000] {dagbag.py:538} INFO - Filling up the DagBag from /opt/airflow/dags/exemplo1.py
[2023-04-18T00:01:02.033+0000] {processor.py:755} WARNING - No viable dags retrieved from /opt/airflow/dags/exemplo1.py
[2023-04-18T00:01:02.046+0000] {processor.py:175} INFO - Processing /opt/airflow/dags/exemplo1.py took 0.053 seconds
[2023-04-18T00:01:32.180+0000] {processor.py:153} INFO - Started process (PID=581) to work on /opt/airflow/dags/exemplo1.py
[2023-04-18T00:01:32.181+0000] {processor.py:743} INFO - Processing file /opt/airflow/dags/exemplo1.py for tasks to queue
[2023-04-18T00:01:32.182+0000] {logging_mixin.py:137} INFO - [2023-04-18T00:01:32.181+0000] {dagbag.py:538} INFO - Filling up the DagBag from /opt/airflow/dags/exemplo1.py
[2023-04-18T00:01:32.215+0000] {processor.py:755} WARNING - No viable dags retrieved from /opt/airflow/dags/exemplo1.py
[2023-04-18T00:01:32.230+0000] {processor.py:175} INFO - Processing /opt/airflow/dags/exemplo1.py took 0.054 seconds
[2023-04-18T00:02:02.399+0000] {processor.py:153} INFO - Started process (PID=630) to work on /opt/airflow/dags/exemplo1.py
[2023-04-18T00:02:02.400+0000] {processor.py:743} INFO - Processing file /opt/airflow/dags/exemplo1.py for tasks to queue
[2023-04-18T00:02:02.401+0000] {logging_mixin.py:137} INFO - [2023-04-18T00:02:02.401+0000] {dagbag.py:538} INFO - Filling up the DagBag from /opt/airflow/dags/exemplo1.py
[2023-04-18T00:02:02.433+0000] {processor.py:755} WARNING - No viable dags retrieved from /opt/airflow/dags/exemplo1.py
[2023-04-18T00:02:02.448+0000] {processor.py:175} INFO - Processing /opt/airflow/dags/exemplo1.py took 0.052 seconds
[2023-04-18T00:02:32.579+0000] {processor.py:153} INFO - Started process (PID=663) to work on /opt/airflow/dags/exemplo1.py
[2023-04-18T00:02:32.580+0000] {processor.py:743} INFO - Processing file /opt/airflow/dags/exemplo1.py for tasks to queue
[2023-04-18T00:02:32.581+0000] {logging_mixin.py:137} INFO - [2023-04-18T00:02:32.581+0000] {dagbag.py:538} INFO - Filling up the DagBag from /opt/airflow/dags/exemplo1.py
[2023-04-18T00:02:32.615+0000] {processor.py:755} WARNING - No viable dags retrieved from /opt/airflow/dags/exemplo1.py
[2023-04-18T00:02:32.628+0000] {processor.py:175} INFO - Processing /opt/airflow/dags/exemplo1.py took 0.052 seconds
[2023-04-18T00:03:02.823+0000] {processor.py:153} INFO - Started process (PID=712) to work on /opt/airflow/dags/exemplo1.py
[2023-04-18T00:03:02.824+0000] {processor.py:743} INFO - Processing file /opt/airflow/dags/exemplo1.py for tasks to queue
[2023-04-18T00:03:02.825+0000] {logging_mixin.py:137} INFO - [2023-04-18T00:03:02.825+0000] {dagbag.py:538} INFO - Filling up the DagBag from /opt/airflow/dags/exemplo1.py
[2023-04-18T00:03:02.858+0000] {processor.py:755} WARNING - No viable dags retrieved from /opt/airflow/dags/exemplo1.py
[2023-04-18T00:03:02.874+0000] {processor.py:175} INFO - Processing /opt/airflow/dags/exemplo1.py took 0.054 seconds
[2023-04-18T00:03:33.012+0000] {processor.py:153} INFO - Started process (PID=745) to work on /opt/airflow/dags/exemplo1.py
[2023-04-18T00:03:33.013+0000] {processor.py:743} INFO - Processing file /opt/airflow/dags/exemplo1.py for tasks to queue
[2023-04-18T00:03:33.014+0000] {logging_mixin.py:137} INFO - [2023-04-18T00:03:33.014+0000] {dagbag.py:538} INFO - Filling up the DagBag from /opt/airflow/dags/exemplo1.py
[2023-04-18T00:03:33.051+0000] {processor.py:755} WARNING - No viable dags retrieved from /opt/airflow/dags/exemplo1.py
[2023-04-18T00:03:33.114+0000] {processor.py:175} INFO - Processing /opt/airflow/dags/exemplo1.py took 0.106 seconds
[2023-04-18T00:04:03.225+0000] {processor.py:153} INFO - Started process (PID=779) to work on /opt/airflow/dags/exemplo1.py
[2023-04-18T00:04:03.226+0000] {processor.py:743} INFO - Processing file /opt/airflow/dags/exemplo1.py for tasks to queue
[2023-04-18T00:04:03.226+0000] {logging_mixin.py:137} INFO - [2023-04-18T00:04:03.226+0000] {dagbag.py:538} INFO - Filling up the DagBag from /opt/airflow/dags/exemplo1.py
[2023-04-18T00:04:03.261+0000] {processor.py:755} WARNING - No viable dags retrieved from /opt/airflow/dags/exemplo1.py
[2023-04-18T00:04:03.277+0000] {processor.py:175} INFO - Processing /opt/airflow/dags/exemplo1.py took 0.055 seconds
[2023-04-18T00:04:33.508+0000] {processor.py:153} INFO - Started process (PID=828) to work on /opt/airflow/dags/exemplo1.py
[2023-04-18T00:04:33.509+0000] {processor.py:743} INFO - Processing file /opt/airflow/dags/exemplo1.py for tasks to queue
[2023-04-18T00:04:33.510+0000] {logging_mixin.py:137} INFO - [2023-04-18T00:04:33.510+0000] {dagbag.py:538} INFO - Filling up the DagBag from /opt/airflow/dags/exemplo1.py
[2023-04-18T00:04:33.550+0000] {processor.py:755} WARNING - No viable dags retrieved from /opt/airflow/dags/exemplo1.py
[2023-04-18T00:04:33.564+0000] {processor.py:175} INFO - Processing /opt/airflow/dags/exemplo1.py took 0.058 seconds
[2023-04-18T00:05:03.693+0000] {processor.py:153} INFO - Started process (PID=861) to work on /opt/airflow/dags/exemplo1.py
[2023-04-18T00:05:03.694+0000] {processor.py:743} INFO - Processing file /opt/airflow/dags/exemplo1.py for tasks to queue
[2023-04-18T00:05:03.695+0000] {logging_mixin.py:137} INFO - [2023-04-18T00:05:03.695+0000] {dagbag.py:538} INFO - Filling up the DagBag from /opt/airflow/dags/exemplo1.py
[2023-04-18T00:05:03.729+0000] {processor.py:755} WARNING - No viable dags retrieved from /opt/airflow/dags/exemplo1.py
[2023-04-18T00:05:03.748+0000] {processor.py:175} INFO - Processing /opt/airflow/dags/exemplo1.py took 0.060 seconds
[2023-04-18T00:05:33.920+0000] {processor.py:153} INFO - Started process (PID=903) to work on /opt/airflow/dags/exemplo1.py
[2023-04-18T00:05:33.921+0000] {processor.py:743} INFO - Processing file /opt/airflow/dags/exemplo1.py for tasks to queue
[2023-04-18T00:05:33.922+0000] {logging_mixin.py:137} INFO - [2023-04-18T00:05:33.922+0000] {dagbag.py:538} INFO - Filling up the DagBag from /opt/airflow/dags/exemplo1.py
[2023-04-18T00:05:33.955+0000] {processor.py:755} WARNING - No viable dags retrieved from /opt/airflow/dags/exemplo1.py
[2023-04-18T00:05:33.971+0000] {processor.py:175} INFO - Processing /opt/airflow/dags/exemplo1.py took 0.055 seconds
[2023-04-18T00:06:04.111+0000] {processor.py:153} INFO - Started process (PID=943) to work on /opt/airflow/dags/exemplo1.py
[2023-04-18T00:06:04.111+0000] {processor.py:743} INFO - Processing file /opt/airflow/dags/exemplo1.py for tasks to queue
[2023-04-18T00:06:04.112+0000] {logging_mixin.py:137} INFO - [2023-04-18T00:06:04.112+0000] {dagbag.py:538} INFO - Filling up the DagBag from /opt/airflow/dags/exemplo1.py
[2023-04-18T00:06:04.144+0000] {processor.py:755} WARNING - No viable dags retrieved from /opt/airflow/dags/exemplo1.py
[2023-04-18T00:06:04.215+0000] {processor.py:175} INFO - Processing /opt/airflow/dags/exemplo1.py took 0.108 seconds
[2023-04-18T00:06:34.347+0000] {processor.py:153} INFO - Started process (PID=976) to work on /opt/airflow/dags/exemplo1.py
[2023-04-18T00:06:34.349+0000] {processor.py:743} INFO - Processing file /opt/airflow/dags/exemplo1.py for tasks to queue
[2023-04-18T00:06:34.351+0000] {logging_mixin.py:137} INFO - [2023-04-18T00:06:34.350+0000] {dagbag.py:538} INFO - Filling up the DagBag from /opt/airflow/dags/exemplo1.py
[2023-04-18T00:06:34.386+0000] {processor.py:755} WARNING - No viable dags retrieved from /opt/airflow/dags/exemplo1.py
[2023-04-18T00:06:34.399+0000] {processor.py:175} INFO - Processing /opt/airflow/dags/exemplo1.py took 0.062 seconds
[2023-04-18T00:07:04.578+0000] {processor.py:153} INFO - Started process (PID=1025) to work on /opt/airflow/dags/exemplo1.py
[2023-04-18T00:07:04.579+0000] {processor.py:743} INFO - Processing file /opt/airflow/dags/exemplo1.py for tasks to queue
[2023-04-18T00:07:04.580+0000] {logging_mixin.py:137} INFO - [2023-04-18T00:07:04.580+0000] {dagbag.py:538} INFO - Filling up the DagBag from /opt/airflow/dags/exemplo1.py
[2023-04-18T00:07:04.611+0000] {processor.py:755} WARNING - No viable dags retrieved from /opt/airflow/dags/exemplo1.py
[2023-04-18T00:07:04.627+0000] {processor.py:175} INFO - Processing /opt/airflow/dags/exemplo1.py took 0.052 seconds
[2023-04-18T00:07:34.780+0000] {processor.py:153} INFO - Started process (PID=1058) to work on /opt/airflow/dags/exemplo1.py
[2023-04-18T00:07:34.781+0000] {processor.py:743} INFO - Processing file /opt/airflow/dags/exemplo1.py for tasks to queue
[2023-04-18T00:07:34.782+0000] {logging_mixin.py:137} INFO - [2023-04-18T00:07:34.782+0000] {dagbag.py:538} INFO - Filling up the DagBag from /opt/airflow/dags/exemplo1.py
[2023-04-18T00:07:34.831+0000] {processor.py:755} WARNING - No viable dags retrieved from /opt/airflow/dags/exemplo1.py
[2023-04-18T00:07:34.849+0000] {processor.py:175} INFO - Processing /opt/airflow/dags/exemplo1.py took 0.073 seconds
[2023-04-18T00:08:05.021+0000] {processor.py:153} INFO - Started process (PID=1108) to work on /opt/airflow/dags/exemplo1.py
[2023-04-18T00:08:05.029+0000] {processor.py:743} INFO - Processing file /opt/airflow/dags/exemplo1.py for tasks to queue
[2023-04-18T00:08:05.031+0000] {logging_mixin.py:137} INFO - [2023-04-18T00:08:05.031+0000] {dagbag.py:538} INFO - Filling up the DagBag from /opt/airflow/dags/exemplo1.py
[2023-04-18T00:08:05.102+0000] {processor.py:755} WARNING - No viable dags retrieved from /opt/airflow/dags/exemplo1.py
[2023-04-18T00:08:05.120+0000] {processor.py:175} INFO - Processing /opt/airflow/dags/exemplo1.py took 0.104 seconds
[2023-04-18T00:08:35.243+0000] {processor.py:153} INFO - Started process (PID=1141) to work on /opt/airflow/dags/exemplo1.py
[2023-04-18T00:08:35.244+0000] {processor.py:743} INFO - Processing file /opt/airflow/dags/exemplo1.py for tasks to queue
[2023-04-18T00:08:35.245+0000] {logging_mixin.py:137} INFO - [2023-04-18T00:08:35.245+0000] {dagbag.py:538} INFO - Filling up the DagBag from /opt/airflow/dags/exemplo1.py
[2023-04-18T00:08:35.282+0000] {processor.py:755} WARNING - No viable dags retrieved from /opt/airflow/dags/exemplo1.py
[2023-04-18T00:08:35.298+0000] {processor.py:175} INFO - Processing /opt/airflow/dags/exemplo1.py took 0.059 seconds
[2023-04-18T00:09:05.480+0000] {processor.py:153} INFO - Started process (PID=1174) to work on /opt/airflow/dags/exemplo1.py
[2023-04-18T00:09:05.481+0000] {processor.py:743} INFO - Processing file /opt/airflow/dags/exemplo1.py for tasks to queue
[2023-04-18T00:09:05.482+0000] {logging_mixin.py:137} INFO - [2023-04-18T00:09:05.482+0000] {dagbag.py:538} INFO - Filling up the DagBag from /opt/airflow/dags/exemplo1.py
[2023-04-18T00:09:05.512+0000] {processor.py:755} WARNING - No viable dags retrieved from /opt/airflow/dags/exemplo1.py
[2023-04-18T00:09:05.529+0000] {processor.py:175} INFO - Processing /opt/airflow/dags/exemplo1.py took 0.051 seconds
[2023-04-18T00:09:35.681+0000] {processor.py:153} INFO - Started process (PID=1223) to work on /opt/airflow/dags/exemplo1.py
[2023-04-18T00:09:35.683+0000] {processor.py:743} INFO - Processing file /opt/airflow/dags/exemplo1.py for tasks to queue
[2023-04-18T00:09:35.684+0000] {logging_mixin.py:137} INFO - [2023-04-18T00:09:35.683+0000] {dagbag.py:538} INFO - Filling up the DagBag from /opt/airflow/dags/exemplo1.py
[2023-04-18T00:09:35.715+0000] {processor.py:755} WARNING - No viable dags retrieved from /opt/airflow/dags/exemplo1.py
[2023-04-18T00:09:35.732+0000] {processor.py:175} INFO - Processing /opt/airflow/dags/exemplo1.py took 0.054 seconds
[2023-04-18T00:10:05.868+0000] {processor.py:153} INFO - Started process (PID=1258) to work on /opt/airflow/dags/exemplo1.py
[2023-04-18T00:10:05.869+0000] {processor.py:743} INFO - Processing file /opt/airflow/dags/exemplo1.py for tasks to queue
[2023-04-18T00:10:05.870+0000] {logging_mixin.py:137} INFO - [2023-04-18T00:10:05.870+0000] {dagbag.py:538} INFO - Filling up the DagBag from /opt/airflow/dags/exemplo1.py
[2023-04-18T00:10:05.903+0000] {processor.py:755} WARNING - No viable dags retrieved from /opt/airflow/dags/exemplo1.py
[2023-04-18T00:10:05.920+0000] {processor.py:175} INFO - Processing /opt/airflow/dags/exemplo1.py took 0.055 seconds
[2023-04-18T00:10:36.091+0000] {processor.py:153} INFO - Started process (PID=1308) to work on /opt/airflow/dags/exemplo1.py
[2023-04-18T00:10:36.092+0000] {processor.py:743} INFO - Processing file /opt/airflow/dags/exemplo1.py for tasks to queue
[2023-04-18T00:10:36.093+0000] {logging_mixin.py:137} INFO - [2023-04-18T00:10:36.093+0000] {dagbag.py:538} INFO - Filling up the DagBag from /opt/airflow/dags/exemplo1.py
[2023-04-18T00:10:36.127+0000] {processor.py:755} WARNING - No viable dags retrieved from /opt/airflow/dags/exemplo1.py
[2023-04-18T00:10:36.143+0000] {processor.py:175} INFO - Processing /opt/airflow/dags/exemplo1.py took 0.055 seconds
[2023-04-18T00:11:06.318+0000] {processor.py:153} INFO - Started process (PID=1341) to work on /opt/airflow/dags/exemplo1.py
[2023-04-18T00:11:06.319+0000] {processor.py:743} INFO - Processing file /opt/airflow/dags/exemplo1.py for tasks to queue
[2023-04-18T00:11:06.321+0000] {logging_mixin.py:137} INFO - [2023-04-18T00:11:06.321+0000] {dagbag.py:538} INFO - Filling up the DagBag from /opt/airflow/dags/exemplo1.py
[2023-04-18T00:11:06.425+0000] {processor.py:755} WARNING - No viable dags retrieved from /opt/airflow/dags/exemplo1.py
[2023-04-18T00:11:06.457+0000] {processor.py:175} INFO - Processing /opt/airflow/dags/exemplo1.py took 0.146 seconds
[2023-04-18T00:11:36.521+0000] {processor.py:153} INFO - Started process (PID=1374) to work on /opt/airflow/dags/exemplo1.py
[2023-04-18T00:11:36.522+0000] {processor.py:743} INFO - Processing file /opt/airflow/dags/exemplo1.py for tasks to queue
[2023-04-18T00:11:36.523+0000] {logging_mixin.py:137} INFO - [2023-04-18T00:11:36.523+0000] {dagbag.py:538} INFO - Filling up the DagBag from /opt/airflow/dags/exemplo1.py
[2023-04-18T00:11:36.554+0000] {processor.py:755} WARNING - No viable dags retrieved from /opt/airflow/dags/exemplo1.py
[2023-04-18T00:11:36.571+0000] {processor.py:175} INFO - Processing /opt/airflow/dags/exemplo1.py took 0.053 seconds
[2023-04-18T00:12:06.709+0000] {processor.py:153} INFO - Started process (PID=1423) to work on /opt/airflow/dags/exemplo1.py
[2023-04-18T00:12:06.710+0000] {processor.py:743} INFO - Processing file /opt/airflow/dags/exemplo1.py for tasks to queue
[2023-04-18T00:12:06.710+0000] {logging_mixin.py:137} INFO - [2023-04-18T00:12:06.710+0000] {dagbag.py:538} INFO - Filling up the DagBag from /opt/airflow/dags/exemplo1.py
[2023-04-18T00:12:06.756+0000] {processor.py:755} WARNING - No viable dags retrieved from /opt/airflow/dags/exemplo1.py
[2023-04-18T00:12:06.770+0000] {processor.py:175} INFO - Processing /opt/airflow/dags/exemplo1.py took 0.066 seconds
[2023-04-18T00:12:36.948+0000] {processor.py:153} INFO - Started process (PID=1456) to work on /opt/airflow/dags/exemplo1.py
[2023-04-18T00:12:36.949+0000] {processor.py:743} INFO - Processing file /opt/airflow/dags/exemplo1.py for tasks to queue
[2023-04-18T00:12:36.949+0000] {logging_mixin.py:137} INFO - [2023-04-18T00:12:36.949+0000] {dagbag.py:538} INFO - Filling up the DagBag from /opt/airflow/dags/exemplo1.py
[2023-04-18T00:12:36.980+0000] {processor.py:755} WARNING - No viable dags retrieved from /opt/airflow/dags/exemplo1.py
[2023-04-18T00:12:36.993+0000] {processor.py:175} INFO - Processing /opt/airflow/dags/exemplo1.py took 0.048 seconds
[2023-04-18T00:13:07.145+0000] {processor.py:153} INFO - Started process (PID=1506) to work on /opt/airflow/dags/exemplo1.py
[2023-04-18T00:13:07.146+0000] {processor.py:743} INFO - Processing file /opt/airflow/dags/exemplo1.py for tasks to queue
[2023-04-18T00:13:07.147+0000] {logging_mixin.py:137} INFO - [2023-04-18T00:13:07.147+0000] {dagbag.py:538} INFO - Filling up the DagBag from /opt/airflow/dags/exemplo1.py
[2023-04-18T00:13:07.181+0000] {processor.py:755} WARNING - No viable dags retrieved from /opt/airflow/dags/exemplo1.py
[2023-04-18T00:13:07.199+0000] {processor.py:175} INFO - Processing /opt/airflow/dags/exemplo1.py took 0.057 seconds
[2023-04-18T00:13:37.367+0000] {processor.py:153} INFO - Started process (PID=1539) to work on /opt/airflow/dags/exemplo1.py
[2023-04-18T00:13:37.368+0000] {processor.py:743} INFO - Processing file /opt/airflow/dags/exemplo1.py for tasks to queue
[2023-04-18T00:13:37.369+0000] {logging_mixin.py:137} INFO - [2023-04-18T00:13:37.369+0000] {dagbag.py:538} INFO - Filling up the DagBag from /opt/airflow/dags/exemplo1.py
[2023-04-18T00:13:37.400+0000] {processor.py:755} WARNING - No viable dags retrieved from /opt/airflow/dags/exemplo1.py
[2023-04-18T00:13:37.416+0000] {processor.py:175} INFO - Processing /opt/airflow/dags/exemplo1.py took 0.053 seconds
[2023-04-18T00:14:07.601+0000] {processor.py:153} INFO - Started process (PID=1573) to work on /opt/airflow/dags/exemplo1.py
[2023-04-18T00:14:07.602+0000] {processor.py:743} INFO - Processing file /opt/airflow/dags/exemplo1.py for tasks to queue
[2023-04-18T00:14:07.603+0000] {logging_mixin.py:137} INFO - [2023-04-18T00:14:07.602+0000] {dagbag.py:538} INFO - Filling up the DagBag from /opt/airflow/dags/exemplo1.py
[2023-04-18T00:14:07.635+0000] {processor.py:755} WARNING - No viable dags retrieved from /opt/airflow/dags/exemplo1.py
[2023-04-18T00:14:07.651+0000] {processor.py:175} INFO - Processing /opt/airflow/dags/exemplo1.py took 0.053 seconds
[2023-04-18T00:14:37.840+0000] {processor.py:153} INFO - Started process (PID=1622) to work on /opt/airflow/dags/exemplo1.py
[2023-04-18T00:14:37.841+0000] {processor.py:743} INFO - Processing file /opt/airflow/dags/exemplo1.py for tasks to queue
[2023-04-18T00:14:37.842+0000] {logging_mixin.py:137} INFO - [2023-04-18T00:14:37.842+0000] {dagbag.py:538} INFO - Filling up the DagBag from /opt/airflow/dags/exemplo1.py
[2023-04-18T00:14:37.875+0000] {processor.py:755} WARNING - No viable dags retrieved from /opt/airflow/dags/exemplo1.py
[2023-04-18T00:14:37.889+0000] {processor.py:175} INFO - Processing /opt/airflow/dags/exemplo1.py took 0.052 seconds
[2023-04-18T00:15:08.028+0000] {processor.py:153} INFO - Started process (PID=1655) to work on /opt/airflow/dags/exemplo1.py
[2023-04-18T00:15:08.029+0000] {processor.py:743} INFO - Processing file /opt/airflow/dags/exemplo1.py for tasks to queue
[2023-04-18T00:15:08.030+0000] {logging_mixin.py:137} INFO - [2023-04-18T00:15:08.030+0000] {dagbag.py:538} INFO - Filling up the DagBag from /opt/airflow/dags/exemplo1.py
[2023-04-18T00:15:08.064+0000] {processor.py:755} WARNING - No viable dags retrieved from /opt/airflow/dags/exemplo1.py
[2023-04-18T00:15:08.078+0000] {processor.py:175} INFO - Processing /opt/airflow/dags/exemplo1.py took 0.054 seconds
[2023-04-18T00:15:38.243+0000] {processor.py:153} INFO - Started process (PID=1697) to work on /opt/airflow/dags/exemplo1.py
[2023-04-18T00:15:38.244+0000] {processor.py:743} INFO - Processing file /opt/airflow/dags/exemplo1.py for tasks to queue
[2023-04-18T00:15:38.245+0000] {logging_mixin.py:137} INFO - [2023-04-18T00:15:38.245+0000] {dagbag.py:538} INFO - Filling up the DagBag from /opt/airflow/dags/exemplo1.py
[2023-04-18T00:15:38.279+0000] {processor.py:755} WARNING - No viable dags retrieved from /opt/airflow/dags/exemplo1.py
[2023-04-18T00:15:38.295+0000] {processor.py:175} INFO - Processing /opt/airflow/dags/exemplo1.py took 0.055 seconds
[2023-04-18T00:16:08.443+0000] {processor.py:153} INFO - Started process (PID=1737) to work on /opt/airflow/dags/exemplo1.py
[2023-04-18T00:16:08.444+0000] {processor.py:743} INFO - Processing file /opt/airflow/dags/exemplo1.py for tasks to queue
[2023-04-18T00:16:08.445+0000] {logging_mixin.py:137} INFO - [2023-04-18T00:16:08.445+0000] {dagbag.py:538} INFO - Filling up the DagBag from /opt/airflow/dags/exemplo1.py
[2023-04-18T00:16:08.478+0000] {processor.py:755} WARNING - No viable dags retrieved from /opt/airflow/dags/exemplo1.py
[2023-04-18T00:16:08.500+0000] {processor.py:175} INFO - Processing /opt/airflow/dags/exemplo1.py took 0.060 seconds
[2023-04-18T00:16:38.647+0000] {processor.py:153} INFO - Started process (PID=1770) to work on /opt/airflow/dags/exemplo1.py
[2023-04-18T00:16:38.648+0000] {processor.py:743} INFO - Processing file /opt/airflow/dags/exemplo1.py for tasks to queue
[2023-04-18T00:16:38.649+0000] {logging_mixin.py:137} INFO - [2023-04-18T00:16:38.649+0000] {dagbag.py:538} INFO - Filling up the DagBag from /opt/airflow/dags/exemplo1.py
[2023-04-18T00:16:38.683+0000] {processor.py:755} WARNING - No viable dags retrieved from /opt/airflow/dags/exemplo1.py
[2023-04-18T00:16:38.698+0000] {processor.py:175} INFO - Processing /opt/airflow/dags/exemplo1.py took 0.054 seconds
[2023-04-18T00:17:08.858+0000] {processor.py:153} INFO - Started process (PID=1819) to work on /opt/airflow/dags/exemplo1.py
[2023-04-18T00:17:08.859+0000] {processor.py:743} INFO - Processing file /opt/airflow/dags/exemplo1.py for tasks to queue
[2023-04-18T00:17:08.860+0000] {logging_mixin.py:137} INFO - [2023-04-18T00:17:08.860+0000] {dagbag.py:538} INFO - Filling up the DagBag from /opt/airflow/dags/exemplo1.py
[2023-04-18T00:17:08.893+0000] {processor.py:755} WARNING - No viable dags retrieved from /opt/airflow/dags/exemplo1.py
[2023-04-18T00:17:08.909+0000] {processor.py:175} INFO - Processing /opt/airflow/dags/exemplo1.py took 0.054 seconds
[2023-04-18T00:17:39.084+0000] {processor.py:153} INFO - Started process (PID=1852) to work on /opt/airflow/dags/exemplo1.py
[2023-04-18T00:17:39.085+0000] {processor.py:743} INFO - Processing file /opt/airflow/dags/exemplo1.py for tasks to queue
[2023-04-18T00:17:39.086+0000] {logging_mixin.py:137} INFO - [2023-04-18T00:17:39.086+0000] {dagbag.py:538} INFO - Filling up the DagBag from /opt/airflow/dags/exemplo1.py
[2023-04-18T00:17:39.124+0000] {processor.py:755} WARNING - No viable dags retrieved from /opt/airflow/dags/exemplo1.py
[2023-04-18T00:17:39.141+0000] {processor.py:175} INFO - Processing /opt/airflow/dags/exemplo1.py took 0.062 seconds
[2023-04-18T00:18:09.301+0000] {processor.py:153} INFO - Started process (PID=1886) to work on /opt/airflow/dags/exemplo1.py
[2023-04-18T00:18:09.302+0000] {processor.py:743} INFO - Processing file /opt/airflow/dags/exemplo1.py for tasks to queue
[2023-04-18T00:18:09.303+0000] {logging_mixin.py:137} INFO - [2023-04-18T00:18:09.302+0000] {dagbag.py:538} INFO - Filling up the DagBag from /opt/airflow/dags/exemplo1.py
[2023-04-18T00:18:09.333+0000] {processor.py:755} WARNING - No viable dags retrieved from /opt/airflow/dags/exemplo1.py
[2023-04-18T00:18:09.348+0000] {processor.py:175} INFO - Processing /opt/airflow/dags/exemplo1.py took 0.050 seconds
[2023-04-18T00:18:39.528+0000] {processor.py:153} INFO - Started process (PID=1935) to work on /opt/airflow/dags/exemplo1.py
[2023-04-18T00:18:39.529+0000] {processor.py:743} INFO - Processing file /opt/airflow/dags/exemplo1.py for tasks to queue
[2023-04-18T00:18:39.530+0000] {logging_mixin.py:137} INFO - [2023-04-18T00:18:39.530+0000] {dagbag.py:538} INFO - Filling up the DagBag from /opt/airflow/dags/exemplo1.py
[2023-04-18T00:18:39.562+0000] {processor.py:755} WARNING - No viable dags retrieved from /opt/airflow/dags/exemplo1.py
[2023-04-18T00:18:39.577+0000] {processor.py:175} INFO - Processing /opt/airflow/dags/exemplo1.py took 0.053 seconds
[2023-04-18T00:19:09.762+0000] {processor.py:153} INFO - Started process (PID=1968) to work on /opt/airflow/dags/exemplo1.py
[2023-04-18T00:19:09.764+0000] {processor.py:743} INFO - Processing file /opt/airflow/dags/exemplo1.py for tasks to queue
[2023-04-18T00:19:09.766+0000] {logging_mixin.py:137} INFO - [2023-04-18T00:19:09.766+0000] {dagbag.py:538} INFO - Filling up the DagBag from /opt/airflow/dags/exemplo1.py
[2023-04-18T00:19:09.841+0000] {processor.py:755} WARNING - No viable dags retrieved from /opt/airflow/dags/exemplo1.py
[2023-04-18T00:19:09.872+0000] {processor.py:175} INFO - Processing /opt/airflow/dags/exemplo1.py took 0.116 seconds
[2023-04-18T00:19:39.977+0000] {processor.py:153} INFO - Started process (PID=2017) to work on /opt/airflow/dags/exemplo1.py
[2023-04-18T00:19:39.979+0000] {processor.py:743} INFO - Processing file /opt/airflow/dags/exemplo1.py for tasks to queue
[2023-04-18T00:19:39.980+0000] {logging_mixin.py:137} INFO - [2023-04-18T00:19:39.980+0000] {dagbag.py:538} INFO - Filling up the DagBag from /opt/airflow/dags/exemplo1.py
[2023-04-18T00:19:40.030+0000] {processor.py:755} WARNING - No viable dags retrieved from /opt/airflow/dags/exemplo1.py
[2023-04-18T00:19:40.050+0000] {processor.py:175} INFO - Processing /opt/airflow/dags/exemplo1.py took 0.077 seconds
[2023-04-18T00:20:10.249+0000] {processor.py:153} INFO - Started process (PID=2050) to work on /opt/airflow/dags/exemplo1.py
[2023-04-18T00:20:10.250+0000] {processor.py:743} INFO - Processing file /opt/airflow/dags/exemplo1.py for tasks to queue
[2023-04-18T00:20:10.251+0000] {logging_mixin.py:137} INFO - [2023-04-18T00:20:10.251+0000] {dagbag.py:538} INFO - Filling up the DagBag from /opt/airflow/dags/exemplo1.py
[2023-04-18T00:20:10.292+0000] {processor.py:755} WARNING - No viable dags retrieved from /opt/airflow/dags/exemplo1.py
[2023-04-18T00:20:10.310+0000] {processor.py:175} INFO - Processing /opt/airflow/dags/exemplo1.py took 0.065 seconds
[2023-04-18T00:20:40.446+0000] {processor.py:153} INFO - Started process (PID=2084) to work on /opt/airflow/dags/exemplo1.py
[2023-04-18T00:20:40.447+0000] {processor.py:743} INFO - Processing file /opt/airflow/dags/exemplo1.py for tasks to queue
[2023-04-18T00:20:40.448+0000] {logging_mixin.py:137} INFO - [2023-04-18T00:20:40.448+0000] {dagbag.py:538} INFO - Filling up the DagBag from /opt/airflow/dags/exemplo1.py
[2023-04-18T00:20:40.481+0000] {processor.py:755} WARNING - No viable dags retrieved from /opt/airflow/dags/exemplo1.py
[2023-04-18T00:20:40.495+0000] {processor.py:175} INFO - Processing /opt/airflow/dags/exemplo1.py took 0.052 seconds
[2023-04-18T00:21:10.673+0000] {processor.py:153} INFO - Started process (PID=2133) to work on /opt/airflow/dags/exemplo1.py
[2023-04-18T00:21:10.674+0000] {processor.py:743} INFO - Processing file /opt/airflow/dags/exemplo1.py for tasks to queue
[2023-04-18T00:21:10.675+0000] {logging_mixin.py:137} INFO - [2023-04-18T00:21:10.675+0000] {dagbag.py:538} INFO - Filling up the DagBag from /opt/airflow/dags/exemplo1.py
[2023-04-18T00:21:10.706+0000] {processor.py:755} WARNING - No viable dags retrieved from /opt/airflow/dags/exemplo1.py
[2023-04-18T00:21:10.724+0000] {processor.py:175} INFO - Processing /opt/airflow/dags/exemplo1.py took 0.054 seconds
[2023-04-18T00:21:40.862+0000] {processor.py:153} INFO - Started process (PID=2166) to work on /opt/airflow/dags/exemplo1.py
[2023-04-18T00:21:40.863+0000] {processor.py:743} INFO - Processing file /opt/airflow/dags/exemplo1.py for tasks to queue
[2023-04-18T00:21:40.864+0000] {logging_mixin.py:137} INFO - [2023-04-18T00:21:40.863+0000] {dagbag.py:538} INFO - Filling up the DagBag from /opt/airflow/dags/exemplo1.py
[2023-04-18T00:21:40.900+0000] {processor.py:755} WARNING - No viable dags retrieved from /opt/airflow/dags/exemplo1.py
[2023-04-18T00:21:40.915+0000] {processor.py:175} INFO - Processing /opt/airflow/dags/exemplo1.py took 0.057 seconds
[2023-04-18T00:22:11.088+0000] {processor.py:153} INFO - Started process (PID=2215) to work on /opt/airflow/dags/exemplo1.py
[2023-04-18T00:22:11.089+0000] {processor.py:743} INFO - Processing file /opt/airflow/dags/exemplo1.py for tasks to queue
[2023-04-18T00:22:11.090+0000] {logging_mixin.py:137} INFO - [2023-04-18T00:22:11.090+0000] {dagbag.py:538} INFO - Filling up the DagBag from /opt/airflow/dags/exemplo1.py
[2023-04-18T00:22:11.134+0000] {processor.py:755} WARNING - No viable dags retrieved from /opt/airflow/dags/exemplo1.py
[2023-04-18T00:22:11.153+0000] {processor.py:175} INFO - Processing /opt/airflow/dags/exemplo1.py took 0.069 seconds
[2023-04-18T00:22:41.309+0000] {processor.py:153} INFO - Started process (PID=2248) to work on /opt/airflow/dags/exemplo1.py
[2023-04-18T00:22:41.311+0000] {processor.py:743} INFO - Processing file /opt/airflow/dags/exemplo1.py for tasks to queue
[2023-04-18T00:22:41.312+0000] {logging_mixin.py:137} INFO - [2023-04-18T00:22:41.312+0000] {dagbag.py:538} INFO - Filling up the DagBag from /opt/airflow/dags/exemplo1.py
[2023-04-18T00:22:41.359+0000] {processor.py:755} WARNING - No viable dags retrieved from /opt/airflow/dags/exemplo1.py
[2023-04-18T00:22:41.376+0000] {processor.py:175} INFO - Processing /opt/airflow/dags/exemplo1.py took 0.071 seconds
[2023-04-18T00:23:11.559+0000] {processor.py:153} INFO - Started process (PID=2290) to work on /opt/airflow/dags/exemplo1.py
[2023-04-18T00:23:11.560+0000] {processor.py:743} INFO - Processing file /opt/airflow/dags/exemplo1.py for tasks to queue
[2023-04-18T00:23:11.561+0000] {logging_mixin.py:137} INFO - [2023-04-18T00:23:11.561+0000] {dagbag.py:538} INFO - Filling up the DagBag from /opt/airflow/dags/exemplo1.py
[2023-04-18T00:23:11.594+0000] {processor.py:755} WARNING - No viable dags retrieved from /opt/airflow/dags/exemplo1.py
[2023-04-18T00:23:11.609+0000] {processor.py:175} INFO - Processing /opt/airflow/dags/exemplo1.py took 0.054 seconds
[2023-04-18T00:23:41.756+0000] {processor.py:153} INFO - Started process (PID=2330) to work on /opt/airflow/dags/exemplo1.py
[2023-04-18T00:23:41.758+0000] {processor.py:743} INFO - Processing file /opt/airflow/dags/exemplo1.py for tasks to queue
[2023-04-18T00:23:41.759+0000] {logging_mixin.py:137} INFO - [2023-04-18T00:23:41.759+0000] {dagbag.py:538} INFO - Filling up the DagBag from /opt/airflow/dags/exemplo1.py
[2023-04-18T00:23:41.798+0000] {processor.py:755} WARNING - No viable dags retrieved from /opt/airflow/dags/exemplo1.py
[2023-04-18T00:23:41.814+0000] {processor.py:175} INFO - Processing /opt/airflow/dags/exemplo1.py took 0.063 seconds
[2023-04-18T00:24:11.981+0000] {processor.py:153} INFO - Started process (PID=2363) to work on /opt/airflow/dags/exemplo1.py
[2023-04-18T00:24:11.982+0000] {processor.py:743} INFO - Processing file /opt/airflow/dags/exemplo1.py for tasks to queue
[2023-04-18T00:24:11.984+0000] {logging_mixin.py:137} INFO - [2023-04-18T00:24:11.983+0000] {dagbag.py:538} INFO - Filling up the DagBag from /opt/airflow/dags/exemplo1.py
[2023-04-18T00:24:12.017+0000] {processor.py:755} WARNING - No viable dags retrieved from /opt/airflow/dags/exemplo1.py
[2023-04-18T00:24:12.031+0000] {processor.py:175} INFO - Processing /opt/airflow/dags/exemplo1.py took 0.053 seconds
[2023-04-18T00:24:42.242+0000] {processor.py:153} INFO - Started process (PID=2412) to work on /opt/airflow/dags/exemplo1.py
[2023-04-18T00:24:42.243+0000] {processor.py:743} INFO - Processing file /opt/airflow/dags/exemplo1.py for tasks to queue
[2023-04-18T00:24:42.245+0000] {logging_mixin.py:137} INFO - [2023-04-18T00:24:42.245+0000] {dagbag.py:538} INFO - Filling up the DagBag from /opt/airflow/dags/exemplo1.py
[2023-04-18T00:24:42.319+0000] {processor.py:755} WARNING - No viable dags retrieved from /opt/airflow/dags/exemplo1.py
[2023-04-18T00:24:42.351+0000] {processor.py:175} INFO - Processing /opt/airflow/dags/exemplo1.py took 0.116 seconds
[2023-04-18T00:25:12.448+0000] {processor.py:153} INFO - Started process (PID=2445) to work on /opt/airflow/dags/exemplo1.py
[2023-04-18T00:25:12.449+0000] {processor.py:743} INFO - Processing file /opt/airflow/dags/exemplo1.py for tasks to queue
[2023-04-18T00:25:12.450+0000] {logging_mixin.py:137} INFO - [2023-04-18T00:25:12.450+0000] {dagbag.py:538} INFO - Filling up the DagBag from /opt/airflow/dags/exemplo1.py
[2023-04-18T00:25:12.496+0000] {processor.py:755} WARNING - No viable dags retrieved from /opt/airflow/dags/exemplo1.py
[2023-04-18T00:25:12.516+0000] {processor.py:175} INFO - Processing /opt/airflow/dags/exemplo1.py took 0.073 seconds
[2023-04-18T00:25:42.630+0000] {processor.py:153} INFO - Started process (PID=2478) to work on /opt/airflow/dags/exemplo1.py
[2023-04-18T00:25:42.632+0000] {processor.py:743} INFO - Processing file /opt/airflow/dags/exemplo1.py for tasks to queue
[2023-04-18T00:25:42.633+0000] {logging_mixin.py:137} INFO - [2023-04-18T00:25:42.633+0000] {dagbag.py:538} INFO - Filling up the DagBag from /opt/airflow/dags/exemplo1.py
[2023-04-18T00:25:42.663+0000] {processor.py:755} WARNING - No viable dags retrieved from /opt/airflow/dags/exemplo1.py
[2023-04-18T00:25:42.680+0000] {processor.py:175} INFO - Processing /opt/airflow/dags/exemplo1.py took 0.054 seconds
[2023-04-18T00:26:12.837+0000] {processor.py:153} INFO - Started process (PID=2528) to work on /opt/airflow/dags/exemplo1.py
[2023-04-18T00:26:12.838+0000] {processor.py:743} INFO - Processing file /opt/airflow/dags/exemplo1.py for tasks to queue
[2023-04-18T00:26:12.839+0000] {logging_mixin.py:137} INFO - [2023-04-18T00:26:12.839+0000] {dagbag.py:538} INFO - Filling up the DagBag from /opt/airflow/dags/exemplo1.py
[2023-04-18T00:26:12.874+0000] {processor.py:755} WARNING - No viable dags retrieved from /opt/airflow/dags/exemplo1.py
[2023-04-18T00:26:12.890+0000] {processor.py:175} INFO - Processing /opt/airflow/dags/exemplo1.py took 0.058 seconds
[2023-04-18T00:26:43.077+0000] {processor.py:153} INFO - Started process (PID=2561) to work on /opt/airflow/dags/exemplo1.py
[2023-04-18T00:26:43.078+0000] {processor.py:743} INFO - Processing file /opt/airflow/dags/exemplo1.py for tasks to queue
[2023-04-18T00:26:43.078+0000] {logging_mixin.py:137} INFO - [2023-04-18T00:26:43.078+0000] {dagbag.py:538} INFO - Filling up the DagBag from /opt/airflow/dags/exemplo1.py
[2023-04-18T00:26:43.139+0000] {processor.py:755} WARNING - No viable dags retrieved from /opt/airflow/dags/exemplo1.py
[2023-04-18T00:26:43.156+0000] {processor.py:175} INFO - Processing /opt/airflow/dags/exemplo1.py took 0.083 seconds
[2023-04-18T00:27:13.375+0000] {processor.py:153} INFO - Started process (PID=2604) to work on /opt/airflow/dags/exemplo1.py
[2023-04-18T00:27:13.379+0000] {processor.py:743} INFO - Processing file /opt/airflow/dags/exemplo1.py for tasks to queue
[2023-04-18T00:27:13.381+0000] {logging_mixin.py:137} INFO - [2023-04-18T00:27:13.380+0000] {dagbag.py:538} INFO - Filling up the DagBag from /opt/airflow/dags/exemplo1.py
[2023-04-18T00:27:13.461+0000] {processor.py:755} WARNING - No viable dags retrieved from /opt/airflow/dags/exemplo1.py
[2023-04-18T00:27:13.478+0000] {processor.py:175} INFO - Processing /opt/airflow/dags/exemplo1.py took 0.108 seconds
[2023-04-18T00:27:43.560+0000] {processor.py:153} INFO - Started process (PID=2645) to work on /opt/airflow/dags/exemplo1.py
[2023-04-18T00:27:43.561+0000] {processor.py:743} INFO - Processing file /opt/airflow/dags/exemplo1.py for tasks to queue
[2023-04-18T00:27:43.562+0000] {logging_mixin.py:137} INFO - [2023-04-18T00:27:43.562+0000] {dagbag.py:538} INFO - Filling up the DagBag from /opt/airflow/dags/exemplo1.py
[2023-04-18T00:27:43.595+0000] {processor.py:755} WARNING - No viable dags retrieved from /opt/airflow/dags/exemplo1.py
[2023-04-18T00:27:43.612+0000] {processor.py:175} INFO - Processing /opt/airflow/dags/exemplo1.py took 0.055 seconds
[2023-04-18T00:28:13.757+0000] {processor.py:153} INFO - Started process (PID=2678) to work on /opt/airflow/dags/exemplo1.py
[2023-04-18T00:28:13.759+0000] {processor.py:743} INFO - Processing file /opt/airflow/dags/exemplo1.py for tasks to queue
[2023-04-18T00:28:13.760+0000] {logging_mixin.py:137} INFO - [2023-04-18T00:28:13.759+0000] {dagbag.py:538} INFO - Filling up the DagBag from /opt/airflow/dags/exemplo1.py
[2023-04-18T00:28:13.796+0000] {processor.py:755} WARNING - No viable dags retrieved from /opt/airflow/dags/exemplo1.py
[2023-04-18T00:28:13.812+0000] {processor.py:175} INFO - Processing /opt/airflow/dags/exemplo1.py took 0.059 seconds
[2023-04-18T00:28:43.982+0000] {processor.py:153} INFO - Started process (PID=2727) to work on /opt/airflow/dags/exemplo1.py
[2023-04-18T00:28:43.983+0000] {processor.py:743} INFO - Processing file /opt/airflow/dags/exemplo1.py for tasks to queue
[2023-04-18T00:28:43.984+0000] {logging_mixin.py:137} INFO - [2023-04-18T00:28:43.984+0000] {dagbag.py:538} INFO - Filling up the DagBag from /opt/airflow/dags/exemplo1.py
[2023-04-18T00:28:44.019+0000] {processor.py:755} WARNING - No viable dags retrieved from /opt/airflow/dags/exemplo1.py
[2023-04-18T00:28:44.032+0000] {processor.py:175} INFO - Processing /opt/airflow/dags/exemplo1.py took 0.054 seconds
[2023-04-18T00:29:14.186+0000] {processor.py:153} INFO - Started process (PID=2760) to work on /opt/airflow/dags/exemplo1.py
[2023-04-18T00:29:14.187+0000] {processor.py:743} INFO - Processing file /opt/airflow/dags/exemplo1.py for tasks to queue
[2023-04-18T00:29:14.187+0000] {logging_mixin.py:137} INFO - [2023-04-18T00:29:14.187+0000] {dagbag.py:538} INFO - Filling up the DagBag from /opt/airflow/dags/exemplo1.py
[2023-04-18T00:29:14.224+0000] {processor.py:755} WARNING - No viable dags retrieved from /opt/airflow/dags/exemplo1.py
[2023-04-18T00:29:14.238+0000] {processor.py:175} INFO - Processing /opt/airflow/dags/exemplo1.py took 0.056 seconds
[2023-04-18T00:29:44.430+0000] {processor.py:153} INFO - Started process (PID=2809) to work on /opt/airflow/dags/exemplo1.py
[2023-04-18T00:29:44.430+0000] {processor.py:743} INFO - Processing file /opt/airflow/dags/exemplo1.py for tasks to queue
[2023-04-18T00:29:44.431+0000] {logging_mixin.py:137} INFO - [2023-04-18T00:29:44.431+0000] {dagbag.py:538} INFO - Filling up the DagBag from /opt/airflow/dags/exemplo1.py
[2023-04-18T00:29:44.464+0000] {processor.py:755} WARNING - No viable dags retrieved from /opt/airflow/dags/exemplo1.py
[2023-04-18T00:29:44.479+0000] {processor.py:175} INFO - Processing /opt/airflow/dags/exemplo1.py took 0.057 seconds
[2023-04-18T00:30:14.618+0000] {processor.py:153} INFO - Started process (PID=2842) to work on /opt/airflow/dags/exemplo1.py
[2023-04-18T00:30:14.619+0000] {processor.py:743} INFO - Processing file /opt/airflow/dags/exemplo1.py for tasks to queue
[2023-04-18T00:30:14.620+0000] {logging_mixin.py:137} INFO - [2023-04-18T00:30:14.620+0000] {dagbag.py:538} INFO - Filling up the DagBag from /opt/airflow/dags/exemplo1.py
[2023-04-18T00:30:14.655+0000] {processor.py:755} WARNING - No viable dags retrieved from /opt/airflow/dags/exemplo1.py
[2023-04-18T00:30:14.671+0000] {processor.py:175} INFO - Processing /opt/airflow/dags/exemplo1.py took 0.057 seconds
[2023-04-18T00:30:44.874+0000] {processor.py:153} INFO - Started process (PID=2875) to work on /opt/airflow/dags/exemplo1.py
[2023-04-18T00:30:44.874+0000] {processor.py:743} INFO - Processing file /opt/airflow/dags/exemplo1.py for tasks to queue
[2023-04-18T00:30:44.875+0000] {logging_mixin.py:137} INFO - [2023-04-18T00:30:44.875+0000] {dagbag.py:538} INFO - Filling up the DagBag from /opt/airflow/dags/exemplo1.py
[2023-04-18T00:30:44.907+0000] {processor.py:755} WARNING - No viable dags retrieved from /opt/airflow/dags/exemplo1.py
[2023-04-18T00:30:44.922+0000] {processor.py:175} INFO - Processing /opt/airflow/dags/exemplo1.py took 0.051 seconds
[2023-04-18T00:31:15.104+0000] {processor.py:153} INFO - Started process (PID=2924) to work on /opt/airflow/dags/exemplo1.py
[2023-04-18T00:31:15.107+0000] {processor.py:743} INFO - Processing file /opt/airflow/dags/exemplo1.py for tasks to queue
[2023-04-18T00:31:15.109+0000] {logging_mixin.py:137} INFO - [2023-04-18T00:31:15.109+0000] {dagbag.py:538} INFO - Filling up the DagBag from /opt/airflow/dags/exemplo1.py
[2023-04-18T00:31:15.168+0000] {processor.py:755} WARNING - No viable dags retrieved from /opt/airflow/dags/exemplo1.py
[2023-04-18T00:31:15.185+0000] {processor.py:175} INFO - Processing /opt/airflow/dags/exemplo1.py took 0.100 seconds
[2023-04-18T00:31:45.306+0000] {processor.py:153} INFO - Started process (PID=2957) to work on /opt/airflow/dags/exemplo1.py
[2023-04-18T00:31:45.307+0000] {processor.py:743} INFO - Processing file /opt/airflow/dags/exemplo1.py for tasks to queue
[2023-04-18T00:31:45.308+0000] {logging_mixin.py:137} INFO - [2023-04-18T00:31:45.308+0000] {dagbag.py:538} INFO - Filling up the DagBag from /opt/airflow/dags/exemplo1.py
[2023-04-18T00:31:45.337+0000] {processor.py:755} WARNING - No viable dags retrieved from /opt/airflow/dags/exemplo1.py
[2023-04-18T00:31:45.353+0000] {processor.py:175} INFO - Processing /opt/airflow/dags/exemplo1.py took 0.051 seconds
[2023-04-18T00:32:15.575+0000] {processor.py:153} INFO - Started process (PID=3006) to work on /opt/airflow/dags/exemplo1.py
[2023-04-18T00:32:15.576+0000] {processor.py:743} INFO - Processing file /opt/airflow/dags/exemplo1.py for tasks to queue
[2023-04-18T00:32:15.577+0000] {logging_mixin.py:137} INFO - [2023-04-18T00:32:15.577+0000] {dagbag.py:538} INFO - Filling up the DagBag from /opt/airflow/dags/exemplo1.py
[2023-04-18T00:32:15.614+0000] {processor.py:755} WARNING - No viable dags retrieved from /opt/airflow/dags/exemplo1.py
[2023-04-18T00:32:15.630+0000] {processor.py:175} INFO - Processing /opt/airflow/dags/exemplo1.py took 0.060 seconds
[2023-04-18T00:32:45.801+0000] {processor.py:153} INFO - Started process (PID=3039) to work on /opt/airflow/dags/exemplo1.py
[2023-04-18T00:32:45.802+0000] {processor.py:743} INFO - Processing file /opt/airflow/dags/exemplo1.py for tasks to queue
[2023-04-18T00:32:45.803+0000] {logging_mixin.py:137} INFO - [2023-04-18T00:32:45.803+0000] {dagbag.py:538} INFO - Filling up the DagBag from /opt/airflow/dags/exemplo1.py
[2023-04-18T00:32:45.848+0000] {processor.py:755} WARNING - No viable dags retrieved from /opt/airflow/dags/exemplo1.py
[2023-04-18T00:32:45.865+0000] {processor.py:175} INFO - Processing /opt/airflow/dags/exemplo1.py took 0.068 seconds
[2023-04-18T00:33:16.016+0000] {processor.py:153} INFO - Started process (PID=3072) to work on /opt/airflow/dags/exemplo1.py
[2023-04-18T00:33:16.017+0000] {processor.py:743} INFO - Processing file /opt/airflow/dags/exemplo1.py for tasks to queue
[2023-04-18T00:33:16.018+0000] {logging_mixin.py:137} INFO - [2023-04-18T00:33:16.018+0000] {dagbag.py:538} INFO - Filling up the DagBag from /opt/airflow/dags/exemplo1.py
[2023-04-18T00:33:16.050+0000] {processor.py:755} WARNING - No viable dags retrieved from /opt/airflow/dags/exemplo1.py
[2023-04-18T00:33:16.064+0000] {processor.py:175} INFO - Processing /opt/airflow/dags/exemplo1.py took 0.052 seconds
[2023-04-18T00:33:46.220+0000] {processor.py:153} INFO - Started process (PID=3121) to work on /opt/airflow/dags/exemplo1.py
[2023-04-18T00:33:46.221+0000] {processor.py:743} INFO - Processing file /opt/airflow/dags/exemplo1.py for tasks to queue
[2023-04-18T00:33:46.222+0000] {logging_mixin.py:137} INFO - [2023-04-18T00:33:46.222+0000] {dagbag.py:538} INFO - Filling up the DagBag from /opt/airflow/dags/exemplo1.py
[2023-04-18T00:33:46.260+0000] {processor.py:755} WARNING - No viable dags retrieved from /opt/airflow/dags/exemplo1.py
[2023-04-18T00:33:46.277+0000] {processor.py:175} INFO - Processing /opt/airflow/dags/exemplo1.py took 0.061 seconds
[2023-04-18T00:34:16.433+0000] {processor.py:153} INFO - Started process (PID=3154) to work on /opt/airflow/dags/exemplo1.py
[2023-04-18T00:34:16.434+0000] {processor.py:743} INFO - Processing file /opt/airflow/dags/exemplo1.py for tasks to queue
[2023-04-18T00:34:16.436+0000] {logging_mixin.py:137} INFO - [2023-04-18T00:34:16.436+0000] {dagbag.py:538} INFO - Filling up the DagBag from /opt/airflow/dags/exemplo1.py
[2023-04-18T00:34:16.487+0000] {processor.py:755} WARNING - No viable dags retrieved from /opt/airflow/dags/exemplo1.py
[2023-04-18T00:34:16.505+0000] {processor.py:175} INFO - Processing /opt/airflow/dags/exemplo1.py took 0.077 seconds
[2023-04-18T00:34:46.673+0000] {processor.py:153} INFO - Started process (PID=3204) to work on /opt/airflow/dags/exemplo1.py
[2023-04-18T00:34:46.674+0000] {processor.py:743} INFO - Processing file /opt/airflow/dags/exemplo1.py for tasks to queue
[2023-04-18T00:34:46.675+0000] {logging_mixin.py:137} INFO - [2023-04-18T00:34:46.674+0000] {dagbag.py:538} INFO - Filling up the DagBag from /opt/airflow/dags/exemplo1.py
[2023-04-18T00:34:46.708+0000] {processor.py:755} WARNING - No viable dags retrieved from /opt/airflow/dags/exemplo1.py
[2023-04-18T00:34:46.739+0000] {processor.py:175} INFO - Processing /opt/airflow/dags/exemplo1.py took 0.070 seconds
[2023-04-18T00:35:16.878+0000] {processor.py:153} INFO - Started process (PID=3237) to work on /opt/airflow/dags/exemplo1.py
[2023-04-18T00:35:16.879+0000] {processor.py:743} INFO - Processing file /opt/airflow/dags/exemplo1.py for tasks to queue
[2023-04-18T00:35:16.880+0000] {logging_mixin.py:137} INFO - [2023-04-18T00:35:16.880+0000] {dagbag.py:538} INFO - Filling up the DagBag from /opt/airflow/dags/exemplo1.py
[2023-04-18T00:35:16.914+0000] {processor.py:755} WARNING - No viable dags retrieved from /opt/airflow/dags/exemplo1.py
[2023-04-18T00:35:16.927+0000] {processor.py:175} INFO - Processing /opt/airflow/dags/exemplo1.py took 0.053 seconds
[2023-04-18T00:35:47.106+0000] {processor.py:153} INFO - Started process (PID=3270) to work on /opt/airflow/dags/exemplo1.py
[2023-04-18T00:35:47.107+0000] {processor.py:743} INFO - Processing file /opt/airflow/dags/exemplo1.py for tasks to queue
[2023-04-18T00:35:47.107+0000] {logging_mixin.py:137} INFO - [2023-04-18T00:35:47.107+0000] {dagbag.py:538} INFO - Filling up the DagBag from /opt/airflow/dags/exemplo1.py
[2023-04-18T00:35:47.139+0000] {processor.py:755} WARNING - No viable dags retrieved from /opt/airflow/dags/exemplo1.py
[2023-04-18T00:35:47.153+0000] {processor.py:175} INFO - Processing /opt/airflow/dags/exemplo1.py took 0.051 seconds
[2023-04-18T00:36:17.302+0000] {processor.py:153} INFO - Started process (PID=3319) to work on /opt/airflow/dags/exemplo1.py
[2023-04-18T00:36:17.303+0000] {processor.py:743} INFO - Processing file /opt/airflow/dags/exemplo1.py for tasks to queue
[2023-04-18T00:36:17.304+0000] {logging_mixin.py:137} INFO - [2023-04-18T00:36:17.304+0000] {dagbag.py:538} INFO - Filling up the DagBag from /opt/airflow/dags/exemplo1.py
[2023-04-18T00:36:17.337+0000] {processor.py:755} WARNING - No viable dags retrieved from /opt/airflow/dags/exemplo1.py
[2023-04-18T00:36:17.352+0000] {processor.py:175} INFO - Processing /opt/airflow/dags/exemplo1.py took 0.053 seconds
[2023-04-18T00:36:47.532+0000] {processor.py:153} INFO - Started process (PID=3352) to work on /opt/airflow/dags/exemplo1.py
[2023-04-18T00:36:47.533+0000] {processor.py:743} INFO - Processing file /opt/airflow/dags/exemplo1.py for tasks to queue
[2023-04-18T00:36:47.534+0000] {logging_mixin.py:137} INFO - [2023-04-18T00:36:47.534+0000] {dagbag.py:538} INFO - Filling up the DagBag from /opt/airflow/dags/exemplo1.py
[2023-04-18T00:36:47.571+0000] {processor.py:755} WARNING - No viable dags retrieved from /opt/airflow/dags/exemplo1.py
[2023-04-18T00:36:47.586+0000] {processor.py:175} INFO - Processing /opt/airflow/dags/exemplo1.py took 0.058 seconds
[2023-04-18T00:37:17.725+0000] {processor.py:153} INFO - Started process (PID=3392) to work on /opt/airflow/dags/exemplo1.py
[2023-04-18T00:37:17.725+0000] {processor.py:743} INFO - Processing file /opt/airflow/dags/exemplo1.py for tasks to queue
[2023-04-18T00:37:17.726+0000] {logging_mixin.py:137} INFO - [2023-04-18T00:37:17.726+0000] {dagbag.py:538} INFO - Filling up the DagBag from /opt/airflow/dags/exemplo1.py
[2023-04-18T00:37:17.762+0000] {processor.py:755} WARNING - No viable dags retrieved from /opt/airflow/dags/exemplo1.py
[2023-04-18T00:37:17.779+0000] {processor.py:175} INFO - Processing /opt/airflow/dags/exemplo1.py took 0.058 seconds
[2023-04-18T00:37:47.965+0000] {processor.py:153} INFO - Started process (PID=3435) to work on /opt/airflow/dags/exemplo1.py
[2023-04-18T00:37:47.966+0000] {processor.py:743} INFO - Processing file /opt/airflow/dags/exemplo1.py for tasks to queue
[2023-04-18T00:37:47.968+0000] {logging_mixin.py:137} INFO - [2023-04-18T00:37:47.968+0000] {dagbag.py:538} INFO - Filling up the DagBag from /opt/airflow/dags/exemplo1.py
[2023-04-18T00:37:48.015+0000] {processor.py:755} WARNING - No viable dags retrieved from /opt/airflow/dags/exemplo1.py
[2023-04-18T00:37:48.038+0000] {processor.py:175} INFO - Processing /opt/airflow/dags/exemplo1.py took 0.076 seconds
[2023-04-18T00:38:18.174+0000] {processor.py:153} INFO - Started process (PID=3468) to work on /opt/airflow/dags/exemplo1.py
[2023-04-18T00:38:18.175+0000] {processor.py:743} INFO - Processing file /opt/airflow/dags/exemplo1.py for tasks to queue
[2023-04-18T00:38:18.176+0000] {logging_mixin.py:137} INFO - [2023-04-18T00:38:18.176+0000] {dagbag.py:538} INFO - Filling up the DagBag from /opt/airflow/dags/exemplo1.py
[2023-04-18T00:38:18.225+0000] {processor.py:755} WARNING - No viable dags retrieved from /opt/airflow/dags/exemplo1.py
[2023-04-18T00:38:18.240+0000] {processor.py:175} INFO - Processing /opt/airflow/dags/exemplo1.py took 0.071 seconds
[2023-04-18T00:38:48.506+0000] {processor.py:153} INFO - Started process (PID=3510) to work on /opt/airflow/dags/exemplo1.py
[2023-04-18T00:38:48.508+0000] {processor.py:743} INFO - Processing file /opt/airflow/dags/exemplo1.py for tasks to queue
[2023-04-18T00:38:48.510+0000] {logging_mixin.py:137} INFO - [2023-04-18T00:38:48.510+0000] {dagbag.py:538} INFO - Filling up the DagBag from /opt/airflow/dags/exemplo1.py
[2023-04-18T00:38:48.581+0000] {processor.py:755} WARNING - No viable dags retrieved from /opt/airflow/dags/exemplo1.py
[2023-04-18T00:38:48.604+0000] {processor.py:175} INFO - Processing /opt/airflow/dags/exemplo1.py took 0.108 seconds
[2023-04-18T00:39:18.658+0000] {processor.py:153} INFO - Started process (PID=3550) to work on /opt/airflow/dags/exemplo1.py
[2023-04-18T00:39:18.658+0000] {processor.py:743} INFO - Processing file /opt/airflow/dags/exemplo1.py for tasks to queue
[2023-04-18T00:39:18.659+0000] {logging_mixin.py:137} INFO - [2023-04-18T00:39:18.659+0000] {dagbag.py:538} INFO - Filling up the DagBag from /opt/airflow/dags/exemplo1.py
[2023-04-18T00:39:18.693+0000] {processor.py:755} WARNING - No viable dags retrieved from /opt/airflow/dags/exemplo1.py
[2023-04-18T00:39:18.708+0000] {processor.py:175} INFO - Processing /opt/airflow/dags/exemplo1.py took 0.054 seconds
[2023-04-18T00:39:48.899+0000] {processor.py:153} INFO - Started process (PID=3583) to work on /opt/airflow/dags/exemplo1.py
[2023-04-18T00:39:48.901+0000] {processor.py:743} INFO - Processing file /opt/airflow/dags/exemplo1.py for tasks to queue
[2023-04-18T00:39:48.905+0000] {logging_mixin.py:137} INFO - [2023-04-18T00:39:48.905+0000] {dagbag.py:538} INFO - Filling up the DagBag from /opt/airflow/dags/exemplo1.py
[2023-04-18T00:39:49.012+0000] {processor.py:755} WARNING - No viable dags retrieved from /opt/airflow/dags/exemplo1.py
[2023-04-18T00:39:49.040+0000] {processor.py:175} INFO - Processing /opt/airflow/dags/exemplo1.py took 0.169 seconds
[2023-04-18T00:40:19.139+0000] {processor.py:153} INFO - Started process (PID=3624) to work on /opt/airflow/dags/exemplo1.py
[2023-04-18T00:40:19.140+0000] {processor.py:743} INFO - Processing file /opt/airflow/dags/exemplo1.py for tasks to queue
[2023-04-18T00:40:19.141+0000] {logging_mixin.py:137} INFO - [2023-04-18T00:40:19.141+0000] {dagbag.py:538} INFO - Filling up the DagBag from /opt/airflow/dags/exemplo1.py
[2023-04-18T00:40:19.180+0000] {processor.py:755} WARNING - No viable dags retrieved from /opt/airflow/dags/exemplo1.py
[2023-04-18T00:40:19.202+0000] {processor.py:175} INFO - Processing /opt/airflow/dags/exemplo1.py took 0.066 seconds
[2023-04-18T00:40:49.346+0000] {processor.py:153} INFO - Started process (PID=3666) to work on /opt/airflow/dags/exemplo1.py
[2023-04-18T00:40:49.347+0000] {processor.py:743} INFO - Processing file /opt/airflow/dags/exemplo1.py for tasks to queue
[2023-04-18T00:40:49.348+0000] {logging_mixin.py:137} INFO - [2023-04-18T00:40:49.348+0000] {dagbag.py:538} INFO - Filling up the DagBag from /opt/airflow/dags/exemplo1.py
[2023-04-18T00:40:49.379+0000] {processor.py:755} WARNING - No viable dags retrieved from /opt/airflow/dags/exemplo1.py
[2023-04-18T00:40:49.392+0000] {processor.py:175} INFO - Processing /opt/airflow/dags/exemplo1.py took 0.050 seconds
[2023-04-18T00:41:19.573+0000] {processor.py:153} INFO - Started process (PID=3699) to work on /opt/airflow/dags/exemplo1.py
[2023-04-18T00:41:19.574+0000] {processor.py:743} INFO - Processing file /opt/airflow/dags/exemplo1.py for tasks to queue
[2023-04-18T00:41:19.575+0000] {logging_mixin.py:137} INFO - [2023-04-18T00:41:19.575+0000] {dagbag.py:538} INFO - Filling up the DagBag from /opt/airflow/dags/exemplo1.py
[2023-04-18T00:41:19.613+0000] {processor.py:755} WARNING - No viable dags retrieved from /opt/airflow/dags/exemplo1.py
[2023-04-18T00:41:19.628+0000] {processor.py:175} INFO - Processing /opt/airflow/dags/exemplo1.py took 0.060 seconds
[2023-04-18T00:41:49.773+0000] {processor.py:153} INFO - Started process (PID=3741) to work on /opt/airflow/dags/exemplo1.py
[2023-04-18T00:41:49.774+0000] {processor.py:743} INFO - Processing file /opt/airflow/dags/exemplo1.py for tasks to queue
[2023-04-18T00:41:49.775+0000] {logging_mixin.py:137} INFO - [2023-04-18T00:41:49.775+0000] {dagbag.py:538} INFO - Filling up the DagBag from /opt/airflow/dags/exemplo1.py
[2023-04-18T00:41:49.810+0000] {processor.py:755} WARNING - No viable dags retrieved from /opt/airflow/dags/exemplo1.py
[2023-04-18T00:41:49.825+0000] {processor.py:175} INFO - Processing /opt/airflow/dags/exemplo1.py took 0.055 seconds
[2023-04-18T00:42:20.070+0000] {processor.py:153} INFO - Started process (PID=3782) to work on /opt/airflow/dags/exemplo1.py
[2023-04-18T00:42:20.076+0000] {processor.py:743} INFO - Processing file /opt/airflow/dags/exemplo1.py for tasks to queue
[2023-04-18T00:42:20.079+0000] {logging_mixin.py:137} INFO - [2023-04-18T00:42:20.078+0000] {dagbag.py:538} INFO - Filling up the DagBag from /opt/airflow/dags/exemplo1.py
[2023-04-18T00:42:20.172+0000] {processor.py:755} WARNING - No viable dags retrieved from /opt/airflow/dags/exemplo1.py
[2023-04-18T00:42:20.202+0000] {processor.py:175} INFO - Processing /opt/airflow/dags/exemplo1.py took 0.141 seconds
[2023-04-18T00:42:50.316+0000] {processor.py:153} INFO - Started process (PID=3815) to work on /opt/airflow/dags/exemplo1.py
[2023-04-18T00:42:50.319+0000] {processor.py:743} INFO - Processing file /opt/airflow/dags/exemplo1.py for tasks to queue
[2023-04-18T00:42:50.323+0000] {logging_mixin.py:137} INFO - [2023-04-18T00:42:50.321+0000] {dagbag.py:538} INFO - Filling up the DagBag from /opt/airflow/dags/exemplo1.py
[2023-04-18T00:42:50.440+0000] {processor.py:755} WARNING - No viable dags retrieved from /opt/airflow/dags/exemplo1.py
[2023-04-18T00:42:50.577+0000] {processor.py:175} INFO - Processing /opt/airflow/dags/exemplo1.py took 0.273 seconds
[2023-04-18T00:43:20.763+0000] {processor.py:153} INFO - Started process (PID=3848) to work on /opt/airflow/dags/exemplo1.py
[2023-04-18T00:43:20.764+0000] {processor.py:743} INFO - Processing file /opt/airflow/dags/exemplo1.py for tasks to queue
[2023-04-18T00:43:20.765+0000] {logging_mixin.py:137} INFO - [2023-04-18T00:43:20.764+0000] {dagbag.py:538} INFO - Filling up the DagBag from /opt/airflow/dags/exemplo1.py
[2023-04-18T00:43:20.795+0000] {processor.py:755} WARNING - No viable dags retrieved from /opt/airflow/dags/exemplo1.py
[2023-04-18T00:43:20.815+0000] {processor.py:175} INFO - Processing /opt/airflow/dags/exemplo1.py took 0.056 seconds
[2023-04-18T00:43:51.043+0000] {processor.py:153} INFO - Started process (PID=3897) to work on /opt/airflow/dags/exemplo1.py
[2023-04-18T00:43:51.044+0000] {processor.py:743} INFO - Processing file /opt/airflow/dags/exemplo1.py for tasks to queue
[2023-04-18T00:43:51.046+0000] {logging_mixin.py:137} INFO - [2023-04-18T00:43:51.046+0000] {dagbag.py:538} INFO - Filling up the DagBag from /opt/airflow/dags/exemplo1.py
[2023-04-18T00:43:51.103+0000] {processor.py:755} WARNING - No viable dags retrieved from /opt/airflow/dags/exemplo1.py
[2023-04-18T00:43:51.131+0000] {processor.py:175} INFO - Processing /opt/airflow/dags/exemplo1.py took 0.095 seconds
[2023-04-18T00:44:21.253+0000] {processor.py:153} INFO - Started process (PID=3930) to work on /opt/airflow/dags/exemplo1.py
[2023-04-18T00:44:21.254+0000] {processor.py:743} INFO - Processing file /opt/airflow/dags/exemplo1.py for tasks to queue
[2023-04-18T00:44:21.257+0000] {logging_mixin.py:137} INFO - [2023-04-18T00:44:21.256+0000] {dagbag.py:538} INFO - Filling up the DagBag from /opt/airflow/dags/exemplo1.py
[2023-04-18T00:44:21.313+0000] {processor.py:755} WARNING - No viable dags retrieved from /opt/airflow/dags/exemplo1.py
[2023-04-18T00:44:21.339+0000] {processor.py:175} INFO - Processing /opt/airflow/dags/exemplo1.py took 0.091 seconds
[2023-04-18T00:44:51.544+0000] {processor.py:153} INFO - Started process (PID=3963) to work on /opt/airflow/dags/exemplo1.py
[2023-04-18T00:44:51.545+0000] {processor.py:743} INFO - Processing file /opt/airflow/dags/exemplo1.py for tasks to queue
[2023-04-18T00:44:51.546+0000] {logging_mixin.py:137} INFO - [2023-04-18T00:44:51.546+0000] {dagbag.py:538} INFO - Filling up the DagBag from /opt/airflow/dags/exemplo1.py
[2023-04-18T00:44:51.582+0000] {processor.py:755} WARNING - No viable dags retrieved from /opt/airflow/dags/exemplo1.py
[2023-04-18T00:44:51.597+0000] {processor.py:175} INFO - Processing /opt/airflow/dags/exemplo1.py took 0.056 seconds
[2023-04-18T00:45:21.775+0000] {processor.py:153} INFO - Started process (PID=3996) to work on /opt/airflow/dags/exemplo1.py
[2023-04-18T00:45:21.778+0000] {processor.py:743} INFO - Processing file /opt/airflow/dags/exemplo1.py for tasks to queue
[2023-04-18T00:45:21.780+0000] {logging_mixin.py:137} INFO - [2023-04-18T00:45:21.779+0000] {dagbag.py:538} INFO - Filling up the DagBag from /opt/airflow/dags/exemplo1.py
[2023-04-18T00:45:21.870+0000] {processor.py:755} WARNING - No viable dags retrieved from /opt/airflow/dags/exemplo1.py
[2023-04-18T00:45:21.903+0000] {processor.py:175} INFO - Processing /opt/airflow/dags/exemplo1.py took 0.144 seconds
[2023-04-18T00:46:47.887+0000] {processor.py:153} INFO - Started process (PID=54) to work on /opt/airflow/dags/exemplo1.py
[2023-04-18T00:46:47.889+0000] {processor.py:743} INFO - Processing file /opt/airflow/dags/exemplo1.py for tasks to queue
[2023-04-18T00:46:47.892+0000] {logging_mixin.py:137} INFO - [2023-04-18T00:46:47.892+0000] {dagbag.py:538} INFO - Filling up the DagBag from /opt/airflow/dags/exemplo1.py
[2023-04-18T00:46:47.986+0000] {processor.py:755} WARNING - No viable dags retrieved from /opt/airflow/dags/exemplo1.py
[2023-04-18T00:46:48.026+0000] {processor.py:175} INFO - Processing /opt/airflow/dags/exemplo1.py took 0.148 seconds
[2023-04-18T00:47:18.494+0000] {processor.py:153} INFO - Started process (PID=79) to work on /opt/airflow/dags/exemplo1.py
[2023-04-18T00:47:18.498+0000] {processor.py:743} INFO - Processing file /opt/airflow/dags/exemplo1.py for tasks to queue
[2023-04-18T00:47:18.508+0000] {logging_mixin.py:137} INFO - [2023-04-18T00:47:18.507+0000] {dagbag.py:538} INFO - Filling up the DagBag from /opt/airflow/dags/exemplo1.py
[2023-04-18T00:47:18.664+0000] {processor.py:755} WARNING - No viable dags retrieved from /opt/airflow/dags/exemplo1.py
[2023-04-18T00:47:18.726+0000] {processor.py:175} INFO - Processing /opt/airflow/dags/exemplo1.py took 0.272 seconds
[2023-04-18T00:47:49.026+0000] {processor.py:153} INFO - Started process (PID=119) to work on /opt/airflow/dags/exemplo1.py
[2023-04-18T00:47:49.028+0000] {processor.py:743} INFO - Processing file /opt/airflow/dags/exemplo1.py for tasks to queue
[2023-04-18T00:47:49.029+0000] {logging_mixin.py:137} INFO - [2023-04-18T00:47:49.029+0000] {dagbag.py:538} INFO - Filling up the DagBag from /opt/airflow/dags/exemplo1.py
[2023-04-18T00:47:49.072+0000] {processor.py:755} WARNING - No viable dags retrieved from /opt/airflow/dags/exemplo1.py
[2023-04-18T00:47:49.091+0000] {processor.py:175} INFO - Processing /opt/airflow/dags/exemplo1.py took 0.073 seconds
[2023-04-18T00:48:19.187+0000] {processor.py:153} INFO - Started process (PID=152) to work on /opt/airflow/dags/exemplo1.py
[2023-04-18T00:48:19.187+0000] {processor.py:743} INFO - Processing file /opt/airflow/dags/exemplo1.py for tasks to queue
[2023-04-18T00:48:19.188+0000] {logging_mixin.py:137} INFO - [2023-04-18T00:48:19.188+0000] {dagbag.py:538} INFO - Filling up the DagBag from /opt/airflow/dags/exemplo1.py
[2023-04-18T00:48:19.226+0000] {processor.py:755} WARNING - No viable dags retrieved from /opt/airflow/dags/exemplo1.py
[2023-04-18T00:48:19.243+0000] {processor.py:175} INFO - Processing /opt/airflow/dags/exemplo1.py took 0.060 seconds
[2023-04-18T00:48:49.378+0000] {processor.py:153} INFO - Started process (PID=185) to work on /opt/airflow/dags/exemplo1.py
[2023-04-18T00:48:49.379+0000] {processor.py:743} INFO - Processing file /opt/airflow/dags/exemplo1.py for tasks to queue
[2023-04-18T00:48:49.380+0000] {logging_mixin.py:137} INFO - [2023-04-18T00:48:49.380+0000] {dagbag.py:538} INFO - Filling up the DagBag from /opt/airflow/dags/exemplo1.py
[2023-04-18T00:48:49.430+0000] {processor.py:755} WARNING - No viable dags retrieved from /opt/airflow/dags/exemplo1.py
[2023-04-18T00:48:49.447+0000] {processor.py:175} INFO - Processing /opt/airflow/dags/exemplo1.py took 0.074 seconds
[2023-04-18T00:49:19.664+0000] {processor.py:153} INFO - Started process (PID=220) to work on /opt/airflow/dags/exemplo1.py
[2023-04-18T00:49:19.666+0000] {processor.py:743} INFO - Processing file /opt/airflow/dags/exemplo1.py for tasks to queue
[2023-04-18T00:49:19.667+0000] {logging_mixin.py:137} INFO - [2023-04-18T00:49:19.667+0000] {dagbag.py:538} INFO - Filling up the DagBag from /opt/airflow/dags/exemplo1.py
[2023-04-18T00:49:19.716+0000] {processor.py:755} WARNING - No viable dags retrieved from /opt/airflow/dags/exemplo1.py
[2023-04-18T00:49:19.732+0000] {processor.py:175} INFO - Processing /opt/airflow/dags/exemplo1.py took 0.073 seconds
[2023-04-18T00:49:49.871+0000] {processor.py:153} INFO - Started process (PID=267) to work on /opt/airflow/dags/exemplo1.py
[2023-04-18T00:49:49.873+0000] {processor.py:743} INFO - Processing file /opt/airflow/dags/exemplo1.py for tasks to queue
[2023-04-18T00:49:49.874+0000] {logging_mixin.py:137} INFO - [2023-04-18T00:49:49.874+0000] {dagbag.py:538} INFO - Filling up the DagBag from /opt/airflow/dags/exemplo1.py
[2023-04-18T00:49:49.917+0000] {processor.py:755} WARNING - No viable dags retrieved from /opt/airflow/dags/exemplo1.py
[2023-04-18T00:49:49.933+0000] {processor.py:175} INFO - Processing /opt/airflow/dags/exemplo1.py took 0.066 seconds
[2023-04-18T00:50:20.117+0000] {processor.py:153} INFO - Started process (PID=300) to work on /opt/airflow/dags/exemplo1.py
[2023-04-18T00:50:20.118+0000] {processor.py:743} INFO - Processing file /opt/airflow/dags/exemplo1.py for tasks to queue
[2023-04-18T00:50:20.120+0000] {logging_mixin.py:137} INFO - [2023-04-18T00:50:20.120+0000] {dagbag.py:538} INFO - Filling up the DagBag from /opt/airflow/dags/exemplo1.py
[2023-04-18T00:50:20.172+0000] {processor.py:755} WARNING - No viable dags retrieved from /opt/airflow/dags/exemplo1.py
[2023-04-18T00:50:20.187+0000] {processor.py:175} INFO - Processing /opt/airflow/dags/exemplo1.py took 0.076 seconds
[2023-04-18T00:50:50.312+0000] {processor.py:153} INFO - Started process (PID=333) to work on /opt/airflow/dags/exemplo1.py
[2023-04-18T00:50:50.313+0000] {processor.py:743} INFO - Processing file /opt/airflow/dags/exemplo1.py for tasks to queue
[2023-04-18T00:50:50.314+0000] {logging_mixin.py:137} INFO - [2023-04-18T00:50:50.314+0000] {dagbag.py:538} INFO - Filling up the DagBag from /opt/airflow/dags/exemplo1.py
[2023-04-18T00:50:50.356+0000] {processor.py:755} WARNING - No viable dags retrieved from /opt/airflow/dags/exemplo1.py
[2023-04-18T00:50:50.373+0000] {processor.py:175} INFO - Processing /opt/airflow/dags/exemplo1.py took 0.066 seconds
[2023-04-18T00:51:20.576+0000] {processor.py:153} INFO - Started process (PID=382) to work on /opt/airflow/dags/exemplo1.py
[2023-04-18T00:51:20.577+0000] {processor.py:743} INFO - Processing file /opt/airflow/dags/exemplo1.py for tasks to queue
[2023-04-18T00:51:20.579+0000] {logging_mixin.py:137} INFO - [2023-04-18T00:51:20.579+0000] {dagbag.py:538} INFO - Filling up the DagBag from /opt/airflow/dags/exemplo1.py
[2023-04-18T00:51:20.643+0000] {processor.py:755} WARNING - No viable dags retrieved from /opt/airflow/dags/exemplo1.py
[2023-04-18T00:51:20.664+0000] {processor.py:175} INFO - Processing /opt/airflow/dags/exemplo1.py took 0.094 seconds
[2023-04-18T00:51:50.810+0000] {processor.py:153} INFO - Started process (PID=415) to work on /opt/airflow/dags/exemplo1.py
[2023-04-18T00:51:50.811+0000] {processor.py:743} INFO - Processing file /opt/airflow/dags/exemplo1.py for tasks to queue
[2023-04-18T00:51:50.813+0000] {logging_mixin.py:137} INFO - [2023-04-18T00:51:50.812+0000] {dagbag.py:538} INFO - Filling up the DagBag from /opt/airflow/dags/exemplo1.py
[2023-04-18T00:51:50.852+0000] {processor.py:755} WARNING - No viable dags retrieved from /opt/airflow/dags/exemplo1.py
[2023-04-18T00:51:50.867+0000] {processor.py:175} INFO - Processing /opt/airflow/dags/exemplo1.py took 0.061 seconds
[2023-04-18T00:52:21.061+0000] {processor.py:153} INFO - Started process (PID=448) to work on /opt/airflow/dags/exemplo1.py
[2023-04-18T00:52:21.062+0000] {processor.py:743} INFO - Processing file /opt/airflow/dags/exemplo1.py for tasks to queue
[2023-04-18T00:52:21.063+0000] {logging_mixin.py:137} INFO - [2023-04-18T00:52:21.063+0000] {dagbag.py:538} INFO - Filling up the DagBag from /opt/airflow/dags/exemplo1.py
[2023-04-18T00:52:21.095+0000] {processor.py:755} WARNING - No viable dags retrieved from /opt/airflow/dags/exemplo1.py
[2023-04-18T00:52:21.109+0000] {processor.py:175} INFO - Processing /opt/airflow/dags/exemplo1.py took 0.052 seconds
[2023-04-18T00:52:51.283+0000] {processor.py:153} INFO - Started process (PID=499) to work on /opt/airflow/dags/exemplo1.py
[2023-04-18T00:52:51.284+0000] {processor.py:743} INFO - Processing file /opt/airflow/dags/exemplo1.py for tasks to queue
[2023-04-18T00:52:51.287+0000] {logging_mixin.py:137} INFO - [2023-04-18T00:52:51.287+0000] {dagbag.py:538} INFO - Filling up the DagBag from /opt/airflow/dags/exemplo1.py
[2023-04-18T00:52:51.344+0000] {processor.py:755} WARNING - No viable dags retrieved from /opt/airflow/dags/exemplo1.py
[2023-04-18T00:52:51.362+0000] {processor.py:175} INFO - Processing /opt/airflow/dags/exemplo1.py took 0.084 seconds
[2023-04-18T00:53:21.509+0000] {processor.py:153} INFO - Started process (PID=532) to work on /opt/airflow/dags/exemplo1.py
[2023-04-18T00:53:21.510+0000] {processor.py:743} INFO - Processing file /opt/airflow/dags/exemplo1.py for tasks to queue
[2023-04-18T00:53:21.511+0000] {logging_mixin.py:137} INFO - [2023-04-18T00:53:21.511+0000] {dagbag.py:538} INFO - Filling up the DagBag from /opt/airflow/dags/exemplo1.py
[2023-04-18T00:53:21.547+0000] {processor.py:755} WARNING - No viable dags retrieved from /opt/airflow/dags/exemplo1.py
[2023-04-18T00:53:21.563+0000] {processor.py:175} INFO - Processing /opt/airflow/dags/exemplo1.py took 0.057 seconds
[2023-04-18T00:53:51.763+0000] {processor.py:153} INFO - Started process (PID=566) to work on /opt/airflow/dags/exemplo1.py
[2023-04-18T00:53:51.765+0000] {processor.py:743} INFO - Processing file /opt/airflow/dags/exemplo1.py for tasks to queue
[2023-04-18T00:53:51.766+0000] {logging_mixin.py:137} INFO - [2023-04-18T00:53:51.766+0000] {dagbag.py:538} INFO - Filling up the DagBag from /opt/airflow/dags/exemplo1.py
[2023-04-18T00:53:51.826+0000] {processor.py:755} WARNING - No viable dags retrieved from /opt/airflow/dags/exemplo1.py
[2023-04-18T00:53:51.843+0000] {processor.py:175} INFO - Processing /opt/airflow/dags/exemplo1.py took 0.084 seconds
[2023-04-18T00:54:21.977+0000] {processor.py:153} INFO - Started process (PID=615) to work on /opt/airflow/dags/exemplo1.py
[2023-04-18T00:54:21.978+0000] {processor.py:743} INFO - Processing file /opt/airflow/dags/exemplo1.py for tasks to queue
[2023-04-18T00:54:21.979+0000] {logging_mixin.py:137} INFO - [2023-04-18T00:54:21.979+0000] {dagbag.py:538} INFO - Filling up the DagBag from /opt/airflow/dags/exemplo1.py
[2023-04-18T00:54:22.015+0000] {processor.py:755} WARNING - No viable dags retrieved from /opt/airflow/dags/exemplo1.py
[2023-04-18T00:54:22.029+0000] {processor.py:175} INFO - Processing /opt/airflow/dags/exemplo1.py took 0.055 seconds
[2023-04-18T00:54:52.218+0000] {processor.py:153} INFO - Started process (PID=648) to work on /opt/airflow/dags/exemplo1.py
[2023-04-18T00:54:52.219+0000] {processor.py:743} INFO - Processing file /opt/airflow/dags/exemplo1.py for tasks to queue
[2023-04-18T00:54:52.220+0000] {logging_mixin.py:137} INFO - [2023-04-18T00:54:52.220+0000] {dagbag.py:538} INFO - Filling up the DagBag from /opt/airflow/dags/exemplo1.py
[2023-04-18T00:54:52.258+0000] {processor.py:755} WARNING - No viable dags retrieved from /opt/airflow/dags/exemplo1.py
[2023-04-18T00:54:52.276+0000] {processor.py:175} INFO - Processing /opt/airflow/dags/exemplo1.py took 0.062 seconds
[2023-04-18T00:55:22.424+0000] {processor.py:153} INFO - Started process (PID=681) to work on /opt/airflow/dags/exemplo1.py
[2023-04-18T00:55:22.425+0000] {processor.py:743} INFO - Processing file /opt/airflow/dags/exemplo1.py for tasks to queue
[2023-04-18T00:55:22.426+0000] {logging_mixin.py:137} INFO - [2023-04-18T00:55:22.426+0000] {dagbag.py:538} INFO - Filling up the DagBag from /opt/airflow/dags/exemplo1.py
[2023-04-18T00:55:22.466+0000] {processor.py:755} WARNING - No viable dags retrieved from /opt/airflow/dags/exemplo1.py
[2023-04-18T00:55:22.485+0000] {processor.py:175} INFO - Processing /opt/airflow/dags/exemplo1.py took 0.065 seconds
[2023-04-18T00:55:52.639+0000] {processor.py:153} INFO - Started process (PID=730) to work on /opt/airflow/dags/exemplo1.py
[2023-04-18T00:55:52.640+0000] {processor.py:743} INFO - Processing file /opt/airflow/dags/exemplo1.py for tasks to queue
[2023-04-18T00:55:52.641+0000] {logging_mixin.py:137} INFO - [2023-04-18T00:55:52.641+0000] {dagbag.py:538} INFO - Filling up the DagBag from /opt/airflow/dags/exemplo1.py
[2023-04-18T00:55:52.678+0000] {processor.py:755} WARNING - No viable dags retrieved from /opt/airflow/dags/exemplo1.py
[2023-04-18T00:55:52.692+0000] {processor.py:175} INFO - Processing /opt/airflow/dags/exemplo1.py took 0.057 seconds
[2023-04-18T00:56:22.916+0000] {processor.py:153} INFO - Started process (PID=764) to work on /opt/airflow/dags/exemplo1.py
[2023-04-18T00:56:22.917+0000] {processor.py:743} INFO - Processing file /opt/airflow/dags/exemplo1.py for tasks to queue
[2023-04-18T00:56:22.919+0000] {logging_mixin.py:137} INFO - [2023-04-18T00:56:22.919+0000] {dagbag.py:538} INFO - Filling up the DagBag from /opt/airflow/dags/exemplo1.py
[2023-04-18T00:56:22.979+0000] {processor.py:755} WARNING - No viable dags retrieved from /opt/airflow/dags/exemplo1.py
[2023-04-18T00:56:23.000+0000] {processor.py:175} INFO - Processing /opt/airflow/dags/exemplo1.py took 0.087 seconds
[2023-04-18T00:56:53.113+0000] {processor.py:153} INFO - Started process (PID=797) to work on /opt/airflow/dags/exemplo1.py
[2023-04-18T00:56:53.114+0000] {processor.py:743} INFO - Processing file /opt/airflow/dags/exemplo1.py for tasks to queue
[2023-04-18T00:56:53.116+0000] {logging_mixin.py:137} INFO - [2023-04-18T00:56:53.115+0000] {dagbag.py:538} INFO - Filling up the DagBag from /opt/airflow/dags/exemplo1.py
[2023-04-18T00:56:53.150+0000] {processor.py:755} WARNING - No viable dags retrieved from /opt/airflow/dags/exemplo1.py
[2023-04-18T00:56:53.167+0000] {processor.py:175} INFO - Processing /opt/airflow/dags/exemplo1.py took 0.058 seconds
[2023-04-18T00:58:20.548+0000] {processor.py:153} INFO - Started process (PID=53) to work on /opt/airflow/dags/exemplo1.py
[2023-04-18T00:58:20.550+0000] {processor.py:743} INFO - Processing file /opt/airflow/dags/exemplo1.py for tasks to queue
[2023-04-18T00:58:20.551+0000] {logging_mixin.py:137} INFO - [2023-04-18T00:58:20.551+0000] {dagbag.py:538} INFO - Filling up the DagBag from /opt/airflow/dags/exemplo1.py
[2023-04-18T00:58:20.674+0000] {processor.py:755} WARNING - No viable dags retrieved from /opt/airflow/dags/exemplo1.py
[2023-04-18T00:58:20.692+0000] {processor.py:175} INFO - Processing /opt/airflow/dags/exemplo1.py took 0.149 seconds
[2023-04-18T00:58:51.006+0000] {processor.py:153} INFO - Started process (PID=86) to work on /opt/airflow/dags/exemplo1.py
[2023-04-18T00:58:51.009+0000] {processor.py:743} INFO - Processing file /opt/airflow/dags/exemplo1.py for tasks to queue
[2023-04-18T00:58:51.013+0000] {logging_mixin.py:137} INFO - [2023-04-18T00:58:51.013+0000] {dagbag.py:538} INFO - Filling up the DagBag from /opt/airflow/dags/exemplo1.py
[2023-04-18T00:58:51.107+0000] {processor.py:755} WARNING - No viable dags retrieved from /opt/airflow/dags/exemplo1.py
[2023-04-18T00:58:51.146+0000] {processor.py:175} INFO - Processing /opt/airflow/dags/exemplo1.py took 0.154 seconds
[2023-04-18T00:59:21.222+0000] {processor.py:153} INFO - Started process (PID=118) to work on /opt/airflow/dags/exemplo1.py
[2023-04-18T00:59:21.223+0000] {processor.py:743} INFO - Processing file /opt/airflow/dags/exemplo1.py for tasks to queue
[2023-04-18T00:59:21.224+0000] {logging_mixin.py:137} INFO - [2023-04-18T00:59:21.224+0000] {dagbag.py:538} INFO - Filling up the DagBag from /opt/airflow/dags/exemplo1.py
[2023-04-18T00:59:21.273+0000] {processor.py:755} WARNING - No viable dags retrieved from /opt/airflow/dags/exemplo1.py
[2023-04-18T00:59:21.299+0000] {processor.py:175} INFO - Processing /opt/airflow/dags/exemplo1.py took 0.081 seconds
[2023-04-18T00:59:51.426+0000] {processor.py:153} INFO - Started process (PID=152) to work on /opt/airflow/dags/exemplo1.py
[2023-04-18T00:59:51.427+0000] {processor.py:743} INFO - Processing file /opt/airflow/dags/exemplo1.py for tasks to queue
[2023-04-18T00:59:51.428+0000] {logging_mixin.py:137} INFO - [2023-04-18T00:59:51.428+0000] {dagbag.py:538} INFO - Filling up the DagBag from /opt/airflow/dags/exemplo1.py
[2023-04-18T00:59:51.475+0000] {processor.py:755} WARNING - No viable dags retrieved from /opt/airflow/dags/exemplo1.py
[2023-04-18T00:59:51.492+0000] {processor.py:175} INFO - Processing /opt/airflow/dags/exemplo1.py took 0.071 seconds
[2023-04-18T01:00:21.725+0000] {processor.py:153} INFO - Started process (PID=185) to work on /opt/airflow/dags/exemplo1.py
[2023-04-18T01:00:21.728+0000] {processor.py:743} INFO - Processing file /opt/airflow/dags/exemplo1.py for tasks to queue
[2023-04-18T01:00:21.733+0000] {logging_mixin.py:137} INFO - [2023-04-18T01:00:21.732+0000] {dagbag.py:538} INFO - Filling up the DagBag from /opt/airflow/dags/exemplo1.py
[2023-04-18T01:00:21.898+0000] {processor.py:755} WARNING - No viable dags retrieved from /opt/airflow/dags/exemplo1.py
[2023-04-18T01:00:21.976+0000] {processor.py:175} INFO - Processing /opt/airflow/dags/exemplo1.py took 0.263 seconds
