[2023-03-12T01:44:05.081+0000] {processor.py:153} INFO - Started process (PID=524) to work on /opt/airflow/dags/tutorial.py
[2023-03-12T01:44:05.082+0000] {processor.py:743} INFO - Processing file /opt/airflow/dags/tutorial.py for tasks to queue
[2023-03-12T01:44:05.084+0000] {logging_mixin.py:137} INFO - [2023-03-12T01:44:05.084+0000] {dagbag.py:538} INFO - Filling up the DagBag from /opt/airflow/dags/tutorial.py
[2023-03-12T01:44:05.166+0000] {processor.py:753} INFO - DAG(s) dict_keys(['tutorial']) retrieved from /opt/airflow/dags/tutorial.py
[2023-03-12T01:44:06.128+0000] {logging_mixin.py:137} INFO - [2023-03-12T01:44:06.128+0000] {manager.py:504} INFO - Created Permission View: can edit on DAG:tutorial
[2023-03-12T01:44:06.160+0000] {logging_mixin.py:137} INFO - [2023-03-12T01:44:06.159+0000] {manager.py:504} INFO - Created Permission View: can delete on DAG:tutorial
[2023-03-12T01:44:06.180+0000] {logging_mixin.py:137} INFO - [2023-03-12T01:44:06.179+0000] {manager.py:504} INFO - Created Permission View: can read on DAG:tutorial
[2023-03-12T01:44:06.181+0000] {logging_mixin.py:137} INFO - [2023-03-12T01:44:06.180+0000] {dag.py:2690} INFO - Sync 1 DAGs
[2023-03-12T01:44:06.215+0000] {logging_mixin.py:137} INFO - [2023-03-12T01:44:06.214+0000] {dag.py:2711} INFO - Creating ORM DAG for tutorial
[2023-03-12T01:44:06.245+0000] {logging_mixin.py:137} INFO - [2023-03-12T01:44:06.244+0000] {dag.py:3441} INFO - Setting next_dagrun for tutorial to 2015-06-01T00:00:00+00:00, run_after=2015-06-02T00:00:00+00:00
[2023-03-12T01:44:06.291+0000] {processor.py:175} INFO - Processing /opt/airflow/dags/tutorial.py took 1.217 seconds
[2023-03-12T01:44:36.397+0000] {processor.py:153} INFO - Started process (PID=551) to work on /opt/airflow/dags/tutorial.py
[2023-03-12T01:44:36.398+0000] {processor.py:743} INFO - Processing file /opt/airflow/dags/tutorial.py for tasks to queue
[2023-03-12T01:44:36.400+0000] {logging_mixin.py:137} INFO - [2023-03-12T01:44:36.400+0000] {dagbag.py:538} INFO - Filling up the DagBag from /opt/airflow/dags/tutorial.py
[2023-03-12T01:44:36.451+0000] {processor.py:753} INFO - DAG(s) dict_keys(['tutorial']) retrieved from /opt/airflow/dags/tutorial.py
[2023-03-12T01:44:36.517+0000] {logging_mixin.py:137} INFO - [2023-03-12T01:44:36.517+0000] {dag.py:2690} INFO - Sync 1 DAGs
[2023-03-12T01:44:36.580+0000] {logging_mixin.py:137} INFO - [2023-03-12T01:44:36.580+0000] {dag.py:3441} INFO - Setting next_dagrun for tutorial to 2015-06-01T00:00:00+00:00, run_after=2015-06-02T00:00:00+00:00
[2023-03-12T01:44:36.684+0000] {processor.py:175} INFO - Processing /opt/airflow/dags/tutorial.py took 0.293 seconds
[2023-03-12T01:45:06.998+0000] {processor.py:153} INFO - Started process (PID=577) to work on /opt/airflow/dags/tutorial.py
[2023-03-12T01:45:07.000+0000] {processor.py:743} INFO - Processing file /opt/airflow/dags/tutorial.py for tasks to queue
[2023-03-12T01:45:07.003+0000] {logging_mixin.py:137} INFO - [2023-03-12T01:45:07.003+0000] {dagbag.py:538} INFO - Filling up the DagBag from /opt/airflow/dags/tutorial.py
[2023-03-12T01:45:07.046+0000] {processor.py:753} INFO - DAG(s) dict_keys(['tutorial']) retrieved from /opt/airflow/dags/tutorial.py
[2023-03-12T01:45:07.100+0000] {logging_mixin.py:137} INFO - [2023-03-12T01:45:07.100+0000] {dag.py:2690} INFO - Sync 1 DAGs
[2023-03-12T01:45:07.155+0000] {logging_mixin.py:137} INFO - [2023-03-12T01:45:07.154+0000] {dag.py:3441} INFO - Setting next_dagrun for tutorial to 2015-06-01T00:00:00+00:00, run_after=2015-06-02T00:00:00+00:00
[2023-03-12T01:45:07.202+0000] {processor.py:175} INFO - Processing /opt/airflow/dags/tutorial.py took 0.211 seconds
[2023-03-12T01:45:37.568+0000] {processor.py:153} INFO - Started process (PID=603) to work on /opt/airflow/dags/tutorial.py
[2023-03-12T01:45:37.570+0000] {processor.py:743} INFO - Processing file /opt/airflow/dags/tutorial.py for tasks to queue
[2023-03-12T01:45:37.572+0000] {logging_mixin.py:137} INFO - [2023-03-12T01:45:37.572+0000] {dagbag.py:538} INFO - Filling up the DagBag from /opt/airflow/dags/tutorial.py
[2023-03-12T01:45:37.618+0000] {processor.py:753} INFO - DAG(s) dict_keys(['tutorial']) retrieved from /opt/airflow/dags/tutorial.py
[2023-03-12T01:45:37.662+0000] {logging_mixin.py:137} INFO - [2023-03-12T01:45:37.662+0000] {dag.py:2690} INFO - Sync 1 DAGs
[2023-03-12T01:45:37.707+0000] {logging_mixin.py:137} INFO - [2023-03-12T01:45:37.707+0000] {dag.py:3441} INFO - Setting next_dagrun for tutorial to 2015-06-01T00:00:00+00:00, run_after=2015-06-02T00:00:00+00:00
[2023-03-12T01:45:37.741+0000] {processor.py:175} INFO - Processing /opt/airflow/dags/tutorial.py took 0.179 seconds
[2023-03-12T01:46:08.311+0000] {processor.py:153} INFO - Started process (PID=630) to work on /opt/airflow/dags/tutorial.py
[2023-03-12T01:46:08.312+0000] {processor.py:743} INFO - Processing file /opt/airflow/dags/tutorial.py for tasks to queue
[2023-03-12T01:46:08.314+0000] {logging_mixin.py:137} INFO - [2023-03-12T01:46:08.314+0000] {dagbag.py:538} INFO - Filling up the DagBag from /opt/airflow/dags/tutorial.py
[2023-03-12T01:46:08.344+0000] {processor.py:753} INFO - DAG(s) dict_keys(['tutorial']) retrieved from /opt/airflow/dags/tutorial.py
[2023-03-12T01:46:08.385+0000] {logging_mixin.py:137} INFO - [2023-03-12T01:46:08.385+0000] {dag.py:2690} INFO - Sync 1 DAGs
[2023-03-12T01:46:08.419+0000] {logging_mixin.py:137} INFO - [2023-03-12T01:46:08.419+0000] {dag.py:3441} INFO - Setting next_dagrun for tutorial to 2015-06-01T00:00:00+00:00, run_after=2015-06-02T00:00:00+00:00
[2023-03-12T01:46:08.454+0000] {processor.py:175} INFO - Processing /opt/airflow/dags/tutorial.py took 0.146 seconds
