[2023-05-08T16:38:54.986+0000] {processor.py:153} INFO - Started process (PID=57) to work on /opt/airflow/dags/exemplo_1.py
[2023-05-08T16:38:54.988+0000] {processor.py:743} INFO - Processing file /opt/airflow/dags/exemplo_1.py for tasks to queue
[2023-05-08T16:38:54.992+0000] {logging_mixin.py:137} INFO - [2023-05-08T16:38:54.992+0000] {dagbag.py:538} INFO - Filling up the DagBag from /opt/airflow/dags/exemplo_1.py
[2023-05-08T16:38:55.642+0000] {processor.py:753} INFO - DAG(s) dict_keys(['demo']) retrieved from /opt/airflow/dags/exemplo_1.py
[2023-05-08T16:38:56.005+0000] {logging_mixin.py:137} INFO - [2023-05-08T16:38:56.004+0000] {dag.py:2690} INFO - Sync 1 DAGs
[2023-05-08T16:38:56.154+0000] {logging_mixin.py:137} INFO - [2023-05-08T16:38:56.154+0000] {dag.py:3441} INFO - Setting next_dagrun for demo to 2022-01-01T00:00:00+00:00, run_after=2022-01-02T00:00:00+00:00
[2023-05-08T16:38:56.314+0000] {processor.py:175} INFO - Processing /opt/airflow/dags/exemplo_1.py took 1.402 seconds
[2023-05-08T16:39:27.330+0000] {processor.py:153} INFO - Started process (PID=81) to work on /opt/airflow/dags/exemplo_1.py
[2023-05-08T16:39:27.338+0000] {processor.py:743} INFO - Processing file /opt/airflow/dags/exemplo_1.py for tasks to queue
[2023-05-08T16:39:27.351+0000] {logging_mixin.py:137} INFO - [2023-05-08T16:39:27.351+0000] {dagbag.py:538} INFO - Filling up the DagBag from /opt/airflow/dags/exemplo_1.py
[2023-05-08T16:39:28.320+0000] {processor.py:753} INFO - DAG(s) dict_keys(['demo']) retrieved from /opt/airflow/dags/exemplo_1.py
[2023-05-08T16:39:29.000+0000] {logging_mixin.py:137} INFO - [2023-05-08T16:39:29.000+0000] {dag.py:2690} INFO - Sync 1 DAGs
[2023-05-08T16:39:29.215+0000] {logging_mixin.py:137} INFO - [2023-05-08T16:39:29.214+0000] {dag.py:3441} INFO - Setting next_dagrun for demo to 2022-01-01T00:00:00+00:00, run_after=2022-01-02T00:00:00+00:00
[2023-05-08T16:39:29.414+0000] {processor.py:175} INFO - Processing /opt/airflow/dags/exemplo_1.py took 2.117 seconds
[2023-05-08T16:40:00.357+0000] {processor.py:153} INFO - Started process (PID=107) to work on /opt/airflow/dags/exemplo_1.py
[2023-05-08T16:40:00.361+0000] {processor.py:743} INFO - Processing file /opt/airflow/dags/exemplo_1.py for tasks to queue
[2023-05-08T16:40:00.371+0000] {logging_mixin.py:137} INFO - [2023-05-08T16:40:00.371+0000] {dagbag.py:538} INFO - Filling up the DagBag from /opt/airflow/dags/exemplo_1.py
[2023-05-08T16:40:00.632+0000] {processor.py:753} INFO - DAG(s) dict_keys(['demo']) retrieved from /opt/airflow/dags/exemplo_1.py
[2023-05-08T16:40:00.838+0000] {logging_mixin.py:137} INFO - [2023-05-08T16:40:00.838+0000] {dag.py:2690} INFO - Sync 1 DAGs
[2023-05-08T16:40:01.053+0000] {logging_mixin.py:137} INFO - [2023-05-08T16:40:01.053+0000] {dag.py:3441} INFO - Setting next_dagrun for demo to 2022-01-01T00:00:00+00:00, run_after=2022-01-02T00:00:00+00:00
[2023-05-08T16:40:01.149+0000] {processor.py:175} INFO - Processing /opt/airflow/dags/exemplo_1.py took 0.835 seconds
[2023-05-08T16:40:31.537+0000] {processor.py:153} INFO - Started process (PID=132) to work on /opt/airflow/dags/exemplo_1.py
[2023-05-08T16:40:31.539+0000] {processor.py:743} INFO - Processing file /opt/airflow/dags/exemplo_1.py for tasks to queue
[2023-05-08T16:40:31.542+0000] {logging_mixin.py:137} INFO - [2023-05-08T16:40:31.542+0000] {dagbag.py:538} INFO - Filling up the DagBag from /opt/airflow/dags/exemplo_1.py
[2023-05-08T16:40:31.671+0000] {processor.py:753} INFO - DAG(s) dict_keys(['demo']) retrieved from /opt/airflow/dags/exemplo_1.py
[2023-05-08T16:40:31.773+0000] {logging_mixin.py:137} INFO - [2023-05-08T16:40:31.772+0000] {dag.py:2690} INFO - Sync 1 DAGs
[2023-05-08T16:40:31.884+0000] {logging_mixin.py:137} INFO - [2023-05-08T16:40:31.884+0000] {dag.py:3441} INFO - Setting next_dagrun for demo to 2022-01-01T00:00:00+00:00, run_after=2022-01-02T00:00:00+00:00
[2023-05-08T16:40:31.965+0000] {processor.py:175} INFO - Processing /opt/airflow/dags/exemplo_1.py took 0.437 seconds
[2023-05-08T16:41:02.281+0000] {processor.py:153} INFO - Started process (PID=151) to work on /opt/airflow/dags/exemplo_1.py
[2023-05-08T16:41:02.283+0000] {processor.py:743} INFO - Processing file /opt/airflow/dags/exemplo_1.py for tasks to queue
[2023-05-08T16:41:02.285+0000] {logging_mixin.py:137} INFO - [2023-05-08T16:41:02.284+0000] {dagbag.py:538} INFO - Filling up the DagBag from /opt/airflow/dags/exemplo_1.py
[2023-05-08T16:41:02.372+0000] {processor.py:753} INFO - DAG(s) dict_keys(['demo']) retrieved from /opt/airflow/dags/exemplo_1.py
[2023-05-08T16:41:02.440+0000] {logging_mixin.py:137} INFO - [2023-05-08T16:41:02.440+0000] {dag.py:2690} INFO - Sync 1 DAGs
[2023-05-08T16:41:02.493+0000] {logging_mixin.py:137} INFO - [2023-05-08T16:41:02.492+0000] {dag.py:3441} INFO - Setting next_dagrun for demo to 2022-01-01T00:00:00+00:00, run_after=2022-01-02T00:00:00+00:00
[2023-05-08T16:41:02.540+0000] {processor.py:175} INFO - Processing /opt/airflow/dags/exemplo_1.py took 0.265 seconds
[2023-05-08T16:41:32.780+0000] {processor.py:153} INFO - Started process (PID=177) to work on /opt/airflow/dags/exemplo_1.py
[2023-05-08T16:41:32.799+0000] {processor.py:743} INFO - Processing file /opt/airflow/dags/exemplo_1.py for tasks to queue
[2023-05-08T16:41:32.800+0000] {logging_mixin.py:137} INFO - [2023-05-08T16:41:32.800+0000] {dagbag.py:538} INFO - Filling up the DagBag from /opt/airflow/dags/exemplo_1.py
[2023-05-08T16:41:33.027+0000] {processor.py:753} INFO - DAG(s) dict_keys(['demo']) retrieved from /opt/airflow/dags/exemplo_1.py
[2023-05-08T16:41:33.209+0000] {logging_mixin.py:137} INFO - [2023-05-08T16:41:33.209+0000] {dag.py:2690} INFO - Sync 1 DAGs
[2023-05-08T16:41:33.380+0000] {logging_mixin.py:137} INFO - [2023-05-08T16:41:33.380+0000] {dag.py:3441} INFO - Setting next_dagrun for demo to 2022-01-01T00:00:00+00:00, run_after=2022-01-02T00:00:00+00:00
[2023-05-08T16:41:33.462+0000] {processor.py:175} INFO - Processing /opt/airflow/dags/exemplo_1.py took 0.699 seconds
[2023-05-08T16:42:03.821+0000] {processor.py:153} INFO - Started process (PID=191) to work on /opt/airflow/dags/exemplo_1.py
[2023-05-08T16:42:03.823+0000] {processor.py:743} INFO - Processing file /opt/airflow/dags/exemplo_1.py for tasks to queue
[2023-05-08T16:42:03.827+0000] {logging_mixin.py:137} INFO - [2023-05-08T16:42:03.826+0000] {dagbag.py:538} INFO - Filling up the DagBag from /opt/airflow/dags/exemplo_1.py
[2023-05-08T16:42:04.022+0000] {processor.py:753} INFO - DAG(s) dict_keys(['demo']) retrieved from /opt/airflow/dags/exemplo_1.py
[2023-05-08T16:42:04.222+0000] {logging_mixin.py:137} INFO - [2023-05-08T16:42:04.222+0000] {dag.py:2690} INFO - Sync 1 DAGs
[2023-05-08T16:42:04.413+0000] {logging_mixin.py:137} INFO - [2023-05-08T16:42:04.413+0000] {dag.py:3441} INFO - Setting next_dagrun for demo to 2022-01-01T00:00:00+00:00, run_after=2022-01-02T00:00:00+00:00
[2023-05-08T16:42:04.546+0000] {processor.py:175} INFO - Processing /opt/airflow/dags/exemplo_1.py took 0.755 seconds
[2023-05-08T16:42:35.067+0000] {processor.py:153} INFO - Started process (PID=217) to work on /opt/airflow/dags/exemplo_1.py
[2023-05-08T16:42:35.073+0000] {processor.py:743} INFO - Processing file /opt/airflow/dags/exemplo_1.py for tasks to queue
[2023-05-08T16:42:35.074+0000] {logging_mixin.py:137} INFO - [2023-05-08T16:42:35.074+0000] {dagbag.py:538} INFO - Filling up the DagBag from /opt/airflow/dags/exemplo_1.py
[2023-05-08T16:42:35.259+0000] {processor.py:753} INFO - DAG(s) dict_keys(['demo']) retrieved from /opt/airflow/dags/exemplo_1.py
[2023-05-08T16:42:35.363+0000] {logging_mixin.py:137} INFO - [2023-05-08T16:42:35.363+0000] {dag.py:2690} INFO - Sync 1 DAGs
[2023-05-08T16:42:35.636+0000] {logging_mixin.py:137} INFO - [2023-05-08T16:42:35.635+0000] {dag.py:3441} INFO - Setting next_dagrun for demo to 2022-01-01T00:00:00+00:00, run_after=2022-01-02T00:00:00+00:00
[2023-05-08T16:42:35.785+0000] {processor.py:175} INFO - Processing /opt/airflow/dags/exemplo_1.py took 0.733 seconds
[2023-05-08T16:43:06.062+0000] {processor.py:153} INFO - Started process (PID=243) to work on /opt/airflow/dags/exemplo_1.py
[2023-05-08T16:43:06.065+0000] {processor.py:743} INFO - Processing file /opt/airflow/dags/exemplo_1.py for tasks to queue
[2023-05-08T16:43:06.067+0000] {logging_mixin.py:137} INFO - [2023-05-08T16:43:06.066+0000] {dagbag.py:538} INFO - Filling up the DagBag from /opt/airflow/dags/exemplo_1.py
[2023-05-08T16:43:06.173+0000] {processor.py:753} INFO - DAG(s) dict_keys(['demo']) retrieved from /opt/airflow/dags/exemplo_1.py
[2023-05-08T16:43:06.256+0000] {logging_mixin.py:137} INFO - [2023-05-08T16:43:06.255+0000] {dag.py:2690} INFO - Sync 1 DAGs
[2023-05-08T16:43:06.354+0000] {logging_mixin.py:137} INFO - [2023-05-08T16:43:06.353+0000] {dag.py:3441} INFO - Setting next_dagrun for demo to 2022-01-01T00:00:00+00:00, run_after=2022-01-02T00:00:00+00:00
[2023-05-08T16:43:06.443+0000] {processor.py:175} INFO - Processing /opt/airflow/dags/exemplo_1.py took 0.394 seconds
[2023-05-08T16:43:36.759+0000] {processor.py:153} INFO - Started process (PID=257) to work on /opt/airflow/dags/exemplo_1.py
[2023-05-08T16:43:36.761+0000] {processor.py:743} INFO - Processing file /opt/airflow/dags/exemplo_1.py for tasks to queue
[2023-05-08T16:43:36.764+0000] {logging_mixin.py:137} INFO - [2023-05-08T16:43:36.763+0000] {dagbag.py:538} INFO - Filling up the DagBag from /opt/airflow/dags/exemplo_1.py
[2023-05-08T16:43:36.833+0000] {processor.py:753} INFO - DAG(s) dict_keys(['demo']) retrieved from /opt/airflow/dags/exemplo_1.py
[2023-05-08T16:43:36.887+0000] {logging_mixin.py:137} INFO - [2023-05-08T16:43:36.887+0000] {dag.py:2690} INFO - Sync 1 DAGs
[2023-05-08T16:43:36.944+0000] {logging_mixin.py:137} INFO - [2023-05-08T16:43:36.944+0000] {dag.py:3441} INFO - Setting next_dagrun for demo to 2022-01-01T00:00:00+00:00, run_after=2022-01-02T00:00:00+00:00
[2023-05-08T16:43:36.990+0000] {processor.py:175} INFO - Processing /opt/airflow/dags/exemplo_1.py took 0.238 seconds
[2023-05-08T16:44:07.369+0000] {processor.py:153} INFO - Started process (PID=282) to work on /opt/airflow/dags/exemplo_1.py
[2023-05-08T16:44:07.371+0000] {processor.py:743} INFO - Processing file /opt/airflow/dags/exemplo_1.py for tasks to queue
[2023-05-08T16:44:07.373+0000] {logging_mixin.py:137} INFO - [2023-05-08T16:44:07.373+0000] {dagbag.py:538} INFO - Filling up the DagBag from /opt/airflow/dags/exemplo_1.py
[2023-05-08T16:44:07.462+0000] {processor.py:753} INFO - DAG(s) dict_keys(['demo']) retrieved from /opt/airflow/dags/exemplo_1.py
[2023-05-08T16:44:07.511+0000] {logging_mixin.py:137} INFO - [2023-05-08T16:44:07.510+0000] {dag.py:2690} INFO - Sync 1 DAGs
[2023-05-08T16:44:07.572+0000] {logging_mixin.py:137} INFO - [2023-05-08T16:44:07.571+0000] {dag.py:3441} INFO - Setting next_dagrun for demo to 2022-01-01T00:00:00+00:00, run_after=2022-01-02T00:00:00+00:00
[2023-05-08T16:44:07.622+0000] {processor.py:175} INFO - Processing /opt/airflow/dags/exemplo_1.py took 0.260 seconds
[2023-05-08T16:44:37.905+0000] {processor.py:153} INFO - Started process (PID=309) to work on /opt/airflow/dags/exemplo_1.py
[2023-05-08T16:44:37.911+0000] {processor.py:743} INFO - Processing file /opt/airflow/dags/exemplo_1.py for tasks to queue
[2023-05-08T16:44:37.914+0000] {logging_mixin.py:137} INFO - [2023-05-08T16:44:37.913+0000] {dagbag.py:538} INFO - Filling up the DagBag from /opt/airflow/dags/exemplo_1.py
[2023-05-08T16:44:37.990+0000] {processor.py:753} INFO - DAG(s) dict_keys(['demo']) retrieved from /opt/airflow/dags/exemplo_1.py
[2023-05-08T16:44:38.041+0000] {logging_mixin.py:137} INFO - [2023-05-08T16:44:38.040+0000] {dag.py:2690} INFO - Sync 1 DAGs
[2023-05-08T16:44:38.096+0000] {logging_mixin.py:137} INFO - [2023-05-08T16:44:38.095+0000] {dag.py:3441} INFO - Setting next_dagrun for demo to 2022-01-01T00:00:00+00:00, run_after=2022-01-02T00:00:00+00:00
[2023-05-08T16:44:38.137+0000] {processor.py:175} INFO - Processing /opt/airflow/dags/exemplo_1.py took 0.239 seconds
[2023-05-08T16:45:08.567+0000] {processor.py:153} INFO - Started process (PID=336) to work on /opt/airflow/dags/exemplo_1.py
[2023-05-08T16:45:08.569+0000] {processor.py:743} INFO - Processing file /opt/airflow/dags/exemplo_1.py for tasks to queue
[2023-05-08T16:45:08.571+0000] {logging_mixin.py:137} INFO - [2023-05-08T16:45:08.571+0000] {dagbag.py:538} INFO - Filling up the DagBag from /opt/airflow/dags/exemplo_1.py
[2023-05-08T16:45:08.642+0000] {processor.py:753} INFO - DAG(s) dict_keys(['demo']) retrieved from /opt/airflow/dags/exemplo_1.py
[2023-05-08T16:45:08.690+0000] {logging_mixin.py:137} INFO - [2023-05-08T16:45:08.689+0000] {dag.py:2690} INFO - Sync 1 DAGs
[2023-05-08T16:45:08.751+0000] {logging_mixin.py:137} INFO - [2023-05-08T16:45:08.750+0000] {dag.py:3441} INFO - Setting next_dagrun for demo to 2022-01-01T00:00:00+00:00, run_after=2022-01-02T00:00:00+00:00
[2023-05-08T16:45:08.794+0000] {processor.py:175} INFO - Processing /opt/airflow/dags/exemplo_1.py took 0.235 seconds
[2023-05-08T16:45:39.247+0000] {processor.py:153} INFO - Started process (PID=362) to work on /opt/airflow/dags/exemplo_1.py
[2023-05-08T16:45:39.256+0000] {processor.py:743} INFO - Processing file /opt/airflow/dags/exemplo_1.py for tasks to queue
[2023-05-08T16:45:39.259+0000] {logging_mixin.py:137} INFO - [2023-05-08T16:45:39.258+0000] {dagbag.py:538} INFO - Filling up the DagBag from /opt/airflow/dags/exemplo_1.py
[2023-05-08T16:45:39.352+0000] {processor.py:753} INFO - DAG(s) dict_keys(['demo']) retrieved from /opt/airflow/dags/exemplo_1.py
[2023-05-08T16:45:39.422+0000] {logging_mixin.py:137} INFO - [2023-05-08T16:45:39.421+0000] {dag.py:2690} INFO - Sync 1 DAGs
[2023-05-08T16:45:39.493+0000] {logging_mixin.py:137} INFO - [2023-05-08T16:45:39.492+0000] {dag.py:3441} INFO - Setting next_dagrun for demo to 2022-01-01T00:00:00+00:00, run_after=2022-01-02T00:00:00+00:00
[2023-05-08T16:45:39.575+0000] {processor.py:175} INFO - Processing /opt/airflow/dags/exemplo_1.py took 0.338 seconds
[2023-05-08T16:46:09.937+0000] {processor.py:153} INFO - Started process (PID=388) to work on /opt/airflow/dags/exemplo_1.py
[2023-05-08T16:46:09.940+0000] {processor.py:743} INFO - Processing file /opt/airflow/dags/exemplo_1.py for tasks to queue
[2023-05-08T16:46:09.942+0000] {logging_mixin.py:137} INFO - [2023-05-08T16:46:09.942+0000] {dagbag.py:538} INFO - Filling up the DagBag from /opt/airflow/dags/exemplo_1.py
[2023-05-08T16:46:10.068+0000] {processor.py:753} INFO - DAG(s) dict_keys(['demo']) retrieved from /opt/airflow/dags/exemplo_1.py
[2023-05-08T16:46:10.147+0000] {logging_mixin.py:137} INFO - [2023-05-08T16:46:10.145+0000] {dag.py:2690} INFO - Sync 1 DAGs
[2023-05-08T16:46:10.252+0000] {logging_mixin.py:137} INFO - [2023-05-08T16:46:10.249+0000] {dag.py:3441} INFO - Setting next_dagrun for demo to 2022-01-01T00:00:00+00:00, run_after=2022-01-02T00:00:00+00:00
[2023-05-08T16:46:10.376+0000] {processor.py:175} INFO - Processing /opt/airflow/dags/exemplo_1.py took 0.446 seconds
[2023-05-08T16:46:40.836+0000] {processor.py:153} INFO - Started process (PID=411) to work on /opt/airflow/dags/exemplo_1.py
[2023-05-08T16:46:40.854+0000] {processor.py:743} INFO - Processing file /opt/airflow/dags/exemplo_1.py for tasks to queue
[2023-05-08T16:46:40.856+0000] {logging_mixin.py:137} INFO - [2023-05-08T16:46:40.855+0000] {dagbag.py:538} INFO - Filling up the DagBag from /opt/airflow/dags/exemplo_1.py
[2023-05-08T16:46:41.064+0000] {processor.py:753} INFO - DAG(s) dict_keys(['demo']) retrieved from /opt/airflow/dags/exemplo_1.py
[2023-05-08T16:46:41.223+0000] {logging_mixin.py:137} INFO - [2023-05-08T16:46:41.223+0000] {dag.py:2690} INFO - Sync 1 DAGs
[2023-05-08T16:46:41.421+0000] {logging_mixin.py:137} INFO - [2023-05-08T16:46:41.420+0000] {dag.py:3441} INFO - Setting next_dagrun for demo to 2022-01-01T00:00:00+00:00, run_after=2022-01-02T00:00:00+00:00
[2023-05-08T16:46:41.494+0000] {processor.py:175} INFO - Processing /opt/airflow/dags/exemplo_1.py took 0.665 seconds
[2023-05-08T16:47:11.644+0000] {processor.py:153} INFO - Started process (PID=429) to work on /opt/airflow/dags/exemplo_1.py
[2023-05-08T16:47:11.646+0000] {processor.py:743} INFO - Processing file /opt/airflow/dags/exemplo_1.py for tasks to queue
[2023-05-08T16:47:11.650+0000] {logging_mixin.py:137} INFO - [2023-05-08T16:47:11.649+0000] {dagbag.py:538} INFO - Filling up the DagBag from /opt/airflow/dags/exemplo_1.py
[2023-05-08T16:47:11.733+0000] {processor.py:753} INFO - DAG(s) dict_keys(['demo']) retrieved from /opt/airflow/dags/exemplo_1.py
[2023-05-08T16:47:11.831+0000] {logging_mixin.py:137} INFO - [2023-05-08T16:47:11.828+0000] {dag.py:2690} INFO - Sync 1 DAGs
[2023-05-08T16:47:11.922+0000] {logging_mixin.py:137} INFO - [2023-05-08T16:47:11.922+0000] {dag.py:3441} INFO - Setting next_dagrun for demo to 2022-01-01T00:00:00+00:00, run_after=2022-01-02T00:00:00+00:00
[2023-05-08T16:47:11.974+0000] {processor.py:175} INFO - Processing /opt/airflow/dags/exemplo_1.py took 0.338 seconds
[2023-05-08T16:47:42.408+0000] {processor.py:153} INFO - Started process (PID=456) to work on /opt/airflow/dags/exemplo_1.py
[2023-05-08T16:47:42.412+0000] {processor.py:743} INFO - Processing file /opt/airflow/dags/exemplo_1.py for tasks to queue
[2023-05-08T16:47:42.414+0000] {logging_mixin.py:137} INFO - [2023-05-08T16:47:42.413+0000] {dagbag.py:538} INFO - Filling up the DagBag from /opt/airflow/dags/exemplo_1.py
[2023-05-08T16:47:42.499+0000] {processor.py:753} INFO - DAG(s) dict_keys(['demo']) retrieved from /opt/airflow/dags/exemplo_1.py
[2023-05-08T16:47:42.557+0000] {logging_mixin.py:137} INFO - [2023-05-08T16:47:42.557+0000] {dag.py:2690} INFO - Sync 1 DAGs
[2023-05-08T16:47:42.628+0000] {logging_mixin.py:137} INFO - [2023-05-08T16:47:42.628+0000] {dag.py:3441} INFO - Setting next_dagrun for demo to 2022-01-01T00:00:00+00:00, run_after=2022-01-02T00:00:00+00:00
[2023-05-08T16:47:42.698+0000] {processor.py:175} INFO - Processing /opt/airflow/dags/exemplo_1.py took 0.299 seconds
[2023-05-08T16:48:12.878+0000] {processor.py:153} INFO - Started process (PID=483) to work on /opt/airflow/dags/exemplo_1.py
[2023-05-08T16:48:12.881+0000] {processor.py:743} INFO - Processing file /opt/airflow/dags/exemplo_1.py for tasks to queue
[2023-05-08T16:48:12.884+0000] {logging_mixin.py:137} INFO - [2023-05-08T16:48:12.884+0000] {dagbag.py:538} INFO - Filling up the DagBag from /opt/airflow/dags/exemplo_1.py
[2023-05-08T16:48:13.029+0000] {processor.py:753} INFO - DAG(s) dict_keys(['demo']) retrieved from /opt/airflow/dags/exemplo_1.py
[2023-05-08T16:48:13.270+0000] {logging_mixin.py:137} INFO - [2023-05-08T16:48:13.270+0000] {dag.py:2690} INFO - Sync 1 DAGs
[2023-05-08T16:48:13.484+0000] {logging_mixin.py:137} INFO - [2023-05-08T16:48:13.484+0000] {dag.py:3441} INFO - Setting next_dagrun for demo to 2022-01-01T00:00:00+00:00, run_after=2022-01-02T00:00:00+00:00
[2023-05-08T16:48:13.633+0000] {processor.py:175} INFO - Processing /opt/airflow/dags/exemplo_1.py took 0.767 seconds
[2023-05-08T16:48:44.236+0000] {processor.py:153} INFO - Started process (PID=497) to work on /opt/airflow/dags/exemplo_1.py
[2023-05-08T16:48:44.237+0000] {processor.py:743} INFO - Processing file /opt/airflow/dags/exemplo_1.py for tasks to queue
[2023-05-08T16:48:44.239+0000] {logging_mixin.py:137} INFO - [2023-05-08T16:48:44.238+0000] {dagbag.py:538} INFO - Filling up the DagBag from /opt/airflow/dags/exemplo_1.py
[2023-05-08T16:48:44.306+0000] {processor.py:753} INFO - DAG(s) dict_keys(['demo']) retrieved from /opt/airflow/dags/exemplo_1.py
[2023-05-08T16:48:44.355+0000] {logging_mixin.py:137} INFO - [2023-05-08T16:48:44.355+0000] {dag.py:2690} INFO - Sync 1 DAGs
[2023-05-08T16:48:44.430+0000] {logging_mixin.py:137} INFO - [2023-05-08T16:48:44.430+0000] {dag.py:3441} INFO - Setting next_dagrun for demo to 2022-01-01T00:00:00+00:00, run_after=2022-01-02T00:00:00+00:00
[2023-05-08T16:48:44.489+0000] {processor.py:175} INFO - Processing /opt/airflow/dags/exemplo_1.py took 0.259 seconds
[2023-05-08T16:49:15.091+0000] {processor.py:153} INFO - Started process (PID=523) to work on /opt/airflow/dags/exemplo_1.py
[2023-05-08T16:49:15.093+0000] {processor.py:743} INFO - Processing file /opt/airflow/dags/exemplo_1.py for tasks to queue
[2023-05-08T16:49:15.095+0000] {logging_mixin.py:137} INFO - [2023-05-08T16:49:15.095+0000] {dagbag.py:538} INFO - Filling up the DagBag from /opt/airflow/dags/exemplo_1.py
[2023-05-08T16:49:15.412+0000] {processor.py:753} INFO - DAG(s) dict_keys(['demo']) retrieved from /opt/airflow/dags/exemplo_1.py
[2023-05-08T16:49:15.550+0000] {logging_mixin.py:137} INFO - [2023-05-08T16:49:15.550+0000] {dag.py:2690} INFO - Sync 1 DAGs
[2023-05-08T16:49:15.684+0000] {logging_mixin.py:137} INFO - [2023-05-08T16:49:15.684+0000] {dag.py:3441} INFO - Setting next_dagrun for demo to 2022-01-01T00:00:00+00:00, run_after=2022-01-02T00:00:00+00:00
[2023-05-08T16:49:15.802+0000] {processor.py:175} INFO - Processing /opt/airflow/dags/exemplo_1.py took 0.726 seconds
[2023-05-08T16:49:46.227+0000] {processor.py:153} INFO - Started process (PID=550) to work on /opt/airflow/dags/exemplo_1.py
[2023-05-08T16:49:46.229+0000] {processor.py:743} INFO - Processing file /opt/airflow/dags/exemplo_1.py for tasks to queue
[2023-05-08T16:49:46.231+0000] {logging_mixin.py:137} INFO - [2023-05-08T16:49:46.230+0000] {dagbag.py:538} INFO - Filling up the DagBag from /opt/airflow/dags/exemplo_1.py
[2023-05-08T16:49:46.335+0000] {processor.py:753} INFO - DAG(s) dict_keys(['demo']) retrieved from /opt/airflow/dags/exemplo_1.py
[2023-05-08T16:49:46.392+0000] {logging_mixin.py:137} INFO - [2023-05-08T16:49:46.392+0000] {dag.py:2690} INFO - Sync 1 DAGs
[2023-05-08T16:49:46.448+0000] {logging_mixin.py:137} INFO - [2023-05-08T16:49:46.447+0000] {dag.py:3441} INFO - Setting next_dagrun for demo to 2022-01-01T00:00:00+00:00, run_after=2022-01-02T00:00:00+00:00
[2023-05-08T16:49:46.492+0000] {processor.py:175} INFO - Processing /opt/airflow/dags/exemplo_1.py took 0.272 seconds
[2023-05-08T16:50:16.789+0000] {processor.py:153} INFO - Started process (PID=577) to work on /opt/airflow/dags/exemplo_1.py
[2023-05-08T16:50:16.793+0000] {processor.py:743} INFO - Processing file /opt/airflow/dags/exemplo_1.py for tasks to queue
[2023-05-08T16:50:16.799+0000] {logging_mixin.py:137} INFO - [2023-05-08T16:50:16.799+0000] {dagbag.py:538} INFO - Filling up the DagBag from /opt/airflow/dags/exemplo_1.py
[2023-05-08T16:50:17.075+0000] {processor.py:753} INFO - DAG(s) dict_keys(['demo']) retrieved from /opt/airflow/dags/exemplo_1.py
[2023-05-08T16:50:17.189+0000] {logging_mixin.py:137} INFO - [2023-05-08T16:50:17.188+0000] {dag.py:2690} INFO - Sync 1 DAGs
[2023-05-08T16:50:17.355+0000] {logging_mixin.py:137} INFO - [2023-05-08T16:50:17.355+0000] {dag.py:3441} INFO - Setting next_dagrun for demo to 2022-01-01T00:00:00+00:00, run_after=2022-01-02T00:00:00+00:00
[2023-05-08T16:50:17.450+0000] {processor.py:175} INFO - Processing /opt/airflow/dags/exemplo_1.py took 0.667 seconds
[2023-05-08T16:50:47.762+0000] {processor.py:153} INFO - Started process (PID=601) to work on /opt/airflow/dags/exemplo_1.py
[2023-05-08T16:50:47.771+0000] {processor.py:743} INFO - Processing file /opt/airflow/dags/exemplo_1.py for tasks to queue
[2023-05-08T16:50:47.774+0000] {logging_mixin.py:137} INFO - [2023-05-08T16:50:47.773+0000] {dagbag.py:538} INFO - Filling up the DagBag from /opt/airflow/dags/exemplo_1.py
[2023-05-08T16:50:47.927+0000] {processor.py:753} INFO - DAG(s) dict_keys(['demo']) retrieved from /opt/airflow/dags/exemplo_1.py
[2023-05-08T16:50:48.018+0000] {logging_mixin.py:137} INFO - [2023-05-08T16:50:48.018+0000] {dag.py:2690} INFO - Sync 1 DAGs
[2023-05-08T16:50:48.118+0000] {logging_mixin.py:137} INFO - [2023-05-08T16:50:48.118+0000] {dag.py:3441} INFO - Setting next_dagrun for demo to 2022-01-01T00:00:00+00:00, run_after=2022-01-02T00:00:00+00:00
[2023-05-08T16:50:48.185+0000] {processor.py:175} INFO - Processing /opt/airflow/dags/exemplo_1.py took 0.431 seconds
[2023-05-08T16:51:18.538+0000] {processor.py:153} INFO - Started process (PID=619) to work on /opt/airflow/dags/exemplo_1.py
[2023-05-08T16:51:18.539+0000] {processor.py:743} INFO - Processing file /opt/airflow/dags/exemplo_1.py for tasks to queue
[2023-05-08T16:51:18.541+0000] {logging_mixin.py:137} INFO - [2023-05-08T16:51:18.541+0000] {dagbag.py:538} INFO - Filling up the DagBag from /opt/airflow/dags/exemplo_1.py
[2023-05-08T16:51:18.607+0000] {processor.py:753} INFO - DAG(s) dict_keys(['demo']) retrieved from /opt/airflow/dags/exemplo_1.py
[2023-05-08T16:51:18.655+0000] {logging_mixin.py:137} INFO - [2023-05-08T16:51:18.655+0000] {dag.py:2690} INFO - Sync 1 DAGs
[2023-05-08T16:51:18.743+0000] {logging_mixin.py:137} INFO - [2023-05-08T16:51:18.743+0000] {dag.py:3441} INFO - Setting next_dagrun for demo to 2022-01-01T00:00:00+00:00, run_after=2022-01-02T00:00:00+00:00
[2023-05-08T16:51:18.804+0000] {processor.py:175} INFO - Processing /opt/airflow/dags/exemplo_1.py took 0.275 seconds
[2023-05-08T16:51:49.492+0000] {processor.py:153} INFO - Started process (PID=645) to work on /opt/airflow/dags/exemplo_1.py
[2023-05-08T16:51:49.510+0000] {processor.py:743} INFO - Processing file /opt/airflow/dags/exemplo_1.py for tasks to queue
[2023-05-08T16:51:49.525+0000] {logging_mixin.py:137} INFO - [2023-05-08T16:51:49.525+0000] {dagbag.py:538} INFO - Filling up the DagBag from /opt/airflow/dags/exemplo_1.py
[2023-05-08T16:51:50.356+0000] {processor.py:753} INFO - DAG(s) dict_keys(['demo']) retrieved from /opt/airflow/dags/exemplo_1.py
[2023-05-08T16:51:50.623+0000] {logging_mixin.py:137} INFO - [2023-05-08T16:51:50.622+0000] {dag.py:2690} INFO - Sync 1 DAGs
[2023-05-08T16:51:51.059+0000] {logging_mixin.py:137} INFO - [2023-05-08T16:51:51.059+0000] {dag.py:3441} INFO - Setting next_dagrun for demo to 2022-01-01T00:00:00+00:00, run_after=2022-01-02T00:00:00+00:00
[2023-05-08T16:51:51.350+0000] {processor.py:175} INFO - Processing /opt/airflow/dags/exemplo_1.py took 1.865 seconds
