[2023-05-08T16:38:54.919+0000] {processor.py:153} INFO - Started process (PID=58) to work on /opt/airflow/dags/tutorial.py
[2023-05-08T16:38:54.933+0000] {processor.py:743} INFO - Processing file /opt/airflow/dags/tutorial.py for tasks to queue
[2023-05-08T16:38:54.946+0000] {logging_mixin.py:137} INFO - [2023-05-08T16:38:54.946+0000] {dagbag.py:538} INFO - Filling up the DagBag from /opt/airflow/dags/tutorial.py
[2023-05-08T16:38:55.421+0000] {processor.py:753} INFO - DAG(s) dict_keys(['tutorial']) retrieved from /opt/airflow/dags/tutorial.py
[2023-05-08T16:38:55.947+0000] {logging_mixin.py:137} INFO - [2023-05-08T16:38:55.946+0000] {dag.py:2690} INFO - Sync 1 DAGs
[2023-05-08T16:38:56.255+0000] {logging_mixin.py:137} INFO - [2023-05-08T16:38:56.255+0000] {dag.py:3441} INFO - Setting next_dagrun for tutorial to 2015-06-01T00:00:00+00:00, run_after=2015-06-02T00:00:00+00:00
[2023-05-08T16:38:56.360+0000] {processor.py:175} INFO - Processing /opt/airflow/dags/tutorial.py took 1.450 seconds
[2023-05-08T16:39:27.334+0000] {processor.py:153} INFO - Started process (PID=82) to work on /opt/airflow/dags/tutorial.py
[2023-05-08T16:39:27.341+0000] {processor.py:743} INFO - Processing file /opt/airflow/dags/tutorial.py for tasks to queue
[2023-05-08T16:39:27.350+0000] {logging_mixin.py:137} INFO - [2023-05-08T16:39:27.349+0000] {dagbag.py:538} INFO - Filling up the DagBag from /opt/airflow/dags/tutorial.py
[2023-05-08T16:39:27.662+0000] {processor.py:753} INFO - DAG(s) dict_keys(['tutorial']) retrieved from /opt/airflow/dags/tutorial.py
[2023-05-08T16:39:28.744+0000] {logging_mixin.py:137} INFO - [2023-05-08T16:39:28.743+0000] {dag.py:2690} INFO - Sync 1 DAGs
[2023-05-08T16:39:29.431+0000] {logging_mixin.py:137} INFO - [2023-05-08T16:39:29.431+0000] {dag.py:3441} INFO - Setting next_dagrun for tutorial to 2015-06-01T00:00:00+00:00, run_after=2015-06-02T00:00:00+00:00
[2023-05-08T16:39:29.513+0000] {processor.py:175} INFO - Processing /opt/airflow/dags/tutorial.py took 2.202 seconds
[2023-05-08T16:40:00.357+0000] {processor.py:153} INFO - Started process (PID=108) to work on /opt/airflow/dags/tutorial.py
[2023-05-08T16:40:00.364+0000] {processor.py:743} INFO - Processing file /opt/airflow/dags/tutorial.py for tasks to queue
[2023-05-08T16:40:00.370+0000] {logging_mixin.py:137} INFO - [2023-05-08T16:40:00.370+0000] {dagbag.py:538} INFO - Filling up the DagBag from /opt/airflow/dags/tutorial.py
[2023-05-08T16:40:00.615+0000] {processor.py:753} INFO - DAG(s) dict_keys(['tutorial']) retrieved from /opt/airflow/dags/tutorial.py
[2023-05-08T16:40:00.850+0000] {logging_mixin.py:137} INFO - [2023-05-08T16:40:00.849+0000] {dag.py:2690} INFO - Sync 1 DAGs
[2023-05-08T16:40:01.054+0000] {logging_mixin.py:137} INFO - [2023-05-08T16:40:01.052+0000] {dag.py:3441} INFO - Setting next_dagrun for tutorial to 2015-06-01T00:00:00+00:00, run_after=2015-06-02T00:00:00+00:00
[2023-05-08T16:40:01.154+0000] {processor.py:175} INFO - Processing /opt/airflow/dags/tutorial.py took 0.830 seconds
[2023-05-08T16:40:31.542+0000] {processor.py:153} INFO - Started process (PID=133) to work on /opt/airflow/dags/tutorial.py
[2023-05-08T16:40:31.545+0000] {processor.py:743} INFO - Processing file /opt/airflow/dags/tutorial.py for tasks to queue
[2023-05-08T16:40:31.548+0000] {logging_mixin.py:137} INFO - [2023-05-08T16:40:31.547+0000] {dagbag.py:538} INFO - Filling up the DagBag from /opt/airflow/dags/tutorial.py
[2023-05-08T16:40:31.636+0000] {processor.py:753} INFO - DAG(s) dict_keys(['tutorial']) retrieved from /opt/airflow/dags/tutorial.py
[2023-05-08T16:40:31.778+0000] {logging_mixin.py:137} INFO - [2023-05-08T16:40:31.776+0000] {dag.py:2690} INFO - Sync 1 DAGs
[2023-05-08T16:40:31.893+0000] {logging_mixin.py:137} INFO - [2023-05-08T16:40:31.892+0000] {dag.py:3441} INFO - Setting next_dagrun for tutorial to 2015-06-01T00:00:00+00:00, run_after=2015-06-02T00:00:00+00:00
[2023-05-08T16:40:31.993+0000] {processor.py:175} INFO - Processing /opt/airflow/dags/tutorial.py took 0.458 seconds
[2023-05-08T16:41:02.282+0000] {processor.py:153} INFO - Started process (PID=152) to work on /opt/airflow/dags/tutorial.py
[2023-05-08T16:41:02.285+0000] {processor.py:743} INFO - Processing file /opt/airflow/dags/tutorial.py for tasks to queue
[2023-05-08T16:41:02.287+0000] {logging_mixin.py:137} INFO - [2023-05-08T16:41:02.286+0000] {dagbag.py:538} INFO - Filling up the DagBag from /opt/airflow/dags/tutorial.py
[2023-05-08T16:41:02.341+0000] {processor.py:753} INFO - DAG(s) dict_keys(['tutorial']) retrieved from /opt/airflow/dags/tutorial.py
[2023-05-08T16:41:02.420+0000] {logging_mixin.py:137} INFO - [2023-05-08T16:41:02.420+0000] {dag.py:2690} INFO - Sync 1 DAGs
[2023-05-08T16:41:02.490+0000] {logging_mixin.py:137} INFO - [2023-05-08T16:41:02.490+0000] {dag.py:3441} INFO - Setting next_dagrun for tutorial to 2015-06-01T00:00:00+00:00, run_after=2015-06-02T00:00:00+00:00
[2023-05-08T16:41:02.532+0000] {processor.py:175} INFO - Processing /opt/airflow/dags/tutorial.py took 0.256 seconds
[2023-05-08T16:41:32.787+0000] {processor.py:153} INFO - Started process (PID=178) to work on /opt/airflow/dags/tutorial.py
[2023-05-08T16:41:32.799+0000] {processor.py:743} INFO - Processing file /opt/airflow/dags/tutorial.py for tasks to queue
[2023-05-08T16:41:32.801+0000] {logging_mixin.py:137} INFO - [2023-05-08T16:41:32.801+0000] {dagbag.py:538} INFO - Filling up the DagBag from /opt/airflow/dags/tutorial.py
[2023-05-08T16:41:32.924+0000] {processor.py:753} INFO - DAG(s) dict_keys(['tutorial']) retrieved from /opt/airflow/dags/tutorial.py
[2023-05-08T16:41:33.065+0000] {logging_mixin.py:137} INFO - [2023-05-08T16:41:33.065+0000] {dag.py:2690} INFO - Sync 1 DAGs
[2023-05-08T16:41:33.200+0000] {logging_mixin.py:137} INFO - [2023-05-08T16:41:33.200+0000] {dag.py:3441} INFO - Setting next_dagrun for tutorial to 2015-06-01T00:00:00+00:00, run_after=2015-06-02T00:00:00+00:00
[2023-05-08T16:41:33.321+0000] {processor.py:175} INFO - Processing /opt/airflow/dags/tutorial.py took 0.550 seconds
[2023-05-08T16:42:03.842+0000] {processor.py:153} INFO - Started process (PID=192) to work on /opt/airflow/dags/tutorial.py
[2023-05-08T16:42:03.845+0000] {processor.py:743} INFO - Processing file /opt/airflow/dags/tutorial.py for tasks to queue
[2023-05-08T16:42:03.846+0000] {logging_mixin.py:137} INFO - [2023-05-08T16:42:03.846+0000] {dagbag.py:538} INFO - Filling up the DagBag from /opt/airflow/dags/tutorial.py
[2023-05-08T16:42:04.029+0000] {processor.py:753} INFO - DAG(s) dict_keys(['tutorial']) retrieved from /opt/airflow/dags/tutorial.py
[2023-05-08T16:42:04.200+0000] {logging_mixin.py:137} INFO - [2023-05-08T16:42:04.200+0000] {dag.py:2690} INFO - Sync 1 DAGs
[2023-05-08T16:42:04.383+0000] {logging_mixin.py:137} INFO - [2023-05-08T16:42:04.383+0000] {dag.py:3441} INFO - Setting next_dagrun for tutorial to 2015-06-01T00:00:00+00:00, run_after=2015-06-02T00:00:00+00:00
[2023-05-08T16:42:04.546+0000] {processor.py:175} INFO - Processing /opt/airflow/dags/tutorial.py took 0.718 seconds
[2023-05-08T16:42:35.084+0000] {processor.py:153} INFO - Started process (PID=218) to work on /opt/airflow/dags/tutorial.py
[2023-05-08T16:42:35.094+0000] {processor.py:743} INFO - Processing file /opt/airflow/dags/tutorial.py for tasks to queue
[2023-05-08T16:42:35.099+0000] {logging_mixin.py:137} INFO - [2023-05-08T16:42:35.099+0000] {dagbag.py:538} INFO - Filling up the DagBag from /opt/airflow/dags/tutorial.py
[2023-05-08T16:42:35.227+0000] {processor.py:753} INFO - DAG(s) dict_keys(['tutorial']) retrieved from /opt/airflow/dags/tutorial.py
[2023-05-08T16:42:35.367+0000] {logging_mixin.py:137} INFO - [2023-05-08T16:42:35.367+0000] {dag.py:2690} INFO - Sync 1 DAGs
[2023-05-08T16:42:35.633+0000] {logging_mixin.py:137} INFO - [2023-05-08T16:42:35.633+0000] {dag.py:3441} INFO - Setting next_dagrun for tutorial to 2015-06-01T00:00:00+00:00, run_after=2015-06-02T00:00:00+00:00
[2023-05-08T16:42:35.790+0000] {processor.py:175} INFO - Processing /opt/airflow/dags/tutorial.py took 0.713 seconds
[2023-05-08T16:43:06.072+0000] {processor.py:153} INFO - Started process (PID=244) to work on /opt/airflow/dags/tutorial.py
[2023-05-08T16:43:06.074+0000] {processor.py:743} INFO - Processing file /opt/airflow/dags/tutorial.py for tasks to queue
[2023-05-08T16:43:06.076+0000] {logging_mixin.py:137} INFO - [2023-05-08T16:43:06.076+0000] {dagbag.py:538} INFO - Filling up the DagBag from /opt/airflow/dags/tutorial.py
[2023-05-08T16:43:06.164+0000] {processor.py:753} INFO - DAG(s) dict_keys(['tutorial']) retrieved from /opt/airflow/dags/tutorial.py
[2023-05-08T16:43:06.271+0000] {logging_mixin.py:137} INFO - [2023-05-08T16:43:06.271+0000] {dag.py:2690} INFO - Sync 1 DAGs
[2023-05-08T16:43:06.380+0000] {logging_mixin.py:137} INFO - [2023-05-08T16:43:06.380+0000] {dag.py:3441} INFO - Setting next_dagrun for tutorial to 2015-06-01T00:00:00+00:00, run_after=2015-06-02T00:00:00+00:00
[2023-05-08T16:43:06.457+0000] {processor.py:175} INFO - Processing /opt/airflow/dags/tutorial.py took 0.397 seconds
[2023-05-08T16:43:36.760+0000] {processor.py:153} INFO - Started process (PID=258) to work on /opt/airflow/dags/tutorial.py
[2023-05-08T16:43:36.762+0000] {processor.py:743} INFO - Processing file /opt/airflow/dags/tutorial.py for tasks to queue
[2023-05-08T16:43:36.764+0000] {logging_mixin.py:137} INFO - [2023-05-08T16:43:36.764+0000] {dagbag.py:538} INFO - Filling up the DagBag from /opt/airflow/dags/tutorial.py
[2023-05-08T16:43:36.808+0000] {processor.py:753} INFO - DAG(s) dict_keys(['tutorial']) retrieved from /opt/airflow/dags/tutorial.py
[2023-05-08T16:43:36.866+0000] {logging_mixin.py:137} INFO - [2023-05-08T16:43:36.866+0000] {dag.py:2690} INFO - Sync 1 DAGs
[2023-05-08T16:43:36.924+0000] {logging_mixin.py:137} INFO - [2023-05-08T16:43:36.923+0000] {dag.py:3441} INFO - Setting next_dagrun for tutorial to 2015-06-01T00:00:00+00:00, run_after=2015-06-02T00:00:00+00:00
[2023-05-08T16:43:36.967+0000] {processor.py:175} INFO - Processing /opt/airflow/dags/tutorial.py took 0.213 seconds
[2023-05-08T16:44:07.372+0000] {processor.py:153} INFO - Started process (PID=283) to work on /opt/airflow/dags/tutorial.py
[2023-05-08T16:44:07.375+0000] {processor.py:743} INFO - Processing file /opt/airflow/dags/tutorial.py for tasks to queue
[2023-05-08T16:44:07.379+0000] {logging_mixin.py:137} INFO - [2023-05-08T16:44:07.378+0000] {dagbag.py:538} INFO - Filling up the DagBag from /opt/airflow/dags/tutorial.py
[2023-05-08T16:44:07.438+0000] {processor.py:753} INFO - DAG(s) dict_keys(['tutorial']) retrieved from /opt/airflow/dags/tutorial.py
[2023-05-08T16:44:07.501+0000] {logging_mixin.py:137} INFO - [2023-05-08T16:44:07.501+0000] {dag.py:2690} INFO - Sync 1 DAGs
[2023-05-08T16:44:07.555+0000] {logging_mixin.py:137} INFO - [2023-05-08T16:44:07.555+0000] {dag.py:3441} INFO - Setting next_dagrun for tutorial to 2015-06-01T00:00:00+00:00, run_after=2015-06-02T00:00:00+00:00
[2023-05-08T16:44:07.599+0000] {processor.py:175} INFO - Processing /opt/airflow/dags/tutorial.py took 0.237 seconds
[2023-05-08T16:44:37.909+0000] {processor.py:153} INFO - Started process (PID=310) to work on /opt/airflow/dags/tutorial.py
[2023-05-08T16:44:37.913+0000] {processor.py:743} INFO - Processing file /opt/airflow/dags/tutorial.py for tasks to queue
[2023-05-08T16:44:37.919+0000] {logging_mixin.py:137} INFO - [2023-05-08T16:44:37.919+0000] {dagbag.py:538} INFO - Filling up the DagBag from /opt/airflow/dags/tutorial.py
[2023-05-08T16:44:37.971+0000] {processor.py:753} INFO - DAG(s) dict_keys(['tutorial']) retrieved from /opt/airflow/dags/tutorial.py
[2023-05-08T16:44:38.029+0000] {logging_mixin.py:137} INFO - [2023-05-08T16:44:38.029+0000] {dag.py:2690} INFO - Sync 1 DAGs
[2023-05-08T16:44:38.088+0000] {logging_mixin.py:137} INFO - [2023-05-08T16:44:38.088+0000] {dag.py:3441} INFO - Setting next_dagrun for tutorial to 2015-06-01T00:00:00+00:00, run_after=2015-06-02T00:00:00+00:00
[2023-05-08T16:44:38.130+0000] {processor.py:175} INFO - Processing /opt/airflow/dags/tutorial.py took 0.227 seconds
[2023-05-08T16:45:08.567+0000] {processor.py:153} INFO - Started process (PID=337) to work on /opt/airflow/dags/tutorial.py
[2023-05-08T16:45:08.569+0000] {processor.py:743} INFO - Processing file /opt/airflow/dags/tutorial.py for tasks to queue
[2023-05-08T16:45:08.571+0000] {logging_mixin.py:137} INFO - [2023-05-08T16:45:08.571+0000] {dagbag.py:538} INFO - Filling up the DagBag from /opt/airflow/dags/tutorial.py
[2023-05-08T16:45:08.616+0000] {processor.py:753} INFO - DAG(s) dict_keys(['tutorial']) retrieved from /opt/airflow/dags/tutorial.py
[2023-05-08T16:45:08.672+0000] {logging_mixin.py:137} INFO - [2023-05-08T16:45:08.671+0000] {dag.py:2690} INFO - Sync 1 DAGs
[2023-05-08T16:45:08.728+0000] {logging_mixin.py:137} INFO - [2023-05-08T16:45:08.728+0000] {dag.py:3441} INFO - Setting next_dagrun for tutorial to 2015-06-01T00:00:00+00:00, run_after=2015-06-02T00:00:00+00:00
[2023-05-08T16:45:08.775+0000] {processor.py:175} INFO - Processing /opt/airflow/dags/tutorial.py took 0.213 seconds
[2023-05-08T16:45:39.281+0000] {processor.py:153} INFO - Started process (PID=363) to work on /opt/airflow/dags/tutorial.py
[2023-05-08T16:45:39.282+0000] {processor.py:743} INFO - Processing file /opt/airflow/dags/tutorial.py for tasks to queue
[2023-05-08T16:45:39.284+0000] {logging_mixin.py:137} INFO - [2023-05-08T16:45:39.284+0000] {dagbag.py:538} INFO - Filling up the DagBag from /opt/airflow/dags/tutorial.py
[2023-05-08T16:45:39.340+0000] {processor.py:753} INFO - DAG(s) dict_keys(['tutorial']) retrieved from /opt/airflow/dags/tutorial.py
[2023-05-08T16:45:39.423+0000] {logging_mixin.py:137} INFO - [2023-05-08T16:45:39.422+0000] {dag.py:2690} INFO - Sync 1 DAGs
[2023-05-08T16:45:39.504+0000] {logging_mixin.py:137} INFO - [2023-05-08T16:45:39.504+0000] {dag.py:3441} INFO - Setting next_dagrun for tutorial to 2015-06-01T00:00:00+00:00, run_after=2015-06-02T00:00:00+00:00
[2023-05-08T16:45:39.613+0000] {processor.py:175} INFO - Processing /opt/airflow/dags/tutorial.py took 0.347 seconds
[2023-05-08T16:46:09.961+0000] {processor.py:153} INFO - Started process (PID=389) to work on /opt/airflow/dags/tutorial.py
[2023-05-08T16:46:09.964+0000] {processor.py:743} INFO - Processing file /opt/airflow/dags/tutorial.py for tasks to queue
[2023-05-08T16:46:09.969+0000] {logging_mixin.py:137} INFO - [2023-05-08T16:46:09.965+0000] {dagbag.py:538} INFO - Filling up the DagBag from /opt/airflow/dags/tutorial.py
[2023-05-08T16:46:10.088+0000] {processor.py:753} INFO - DAG(s) dict_keys(['tutorial']) retrieved from /opt/airflow/dags/tutorial.py
[2023-05-08T16:46:10.172+0000] {logging_mixin.py:137} INFO - [2023-05-08T16:46:10.171+0000] {dag.py:2690} INFO - Sync 1 DAGs
[2023-05-08T16:46:10.284+0000] {logging_mixin.py:137} INFO - [2023-05-08T16:46:10.283+0000] {dag.py:3441} INFO - Setting next_dagrun for tutorial to 2015-06-01T00:00:00+00:00, run_after=2015-06-02T00:00:00+00:00
[2023-05-08T16:46:10.417+0000] {processor.py:175} INFO - Processing /opt/airflow/dags/tutorial.py took 0.466 seconds
[2023-05-08T16:46:40.842+0000] {processor.py:153} INFO - Started process (PID=412) to work on /opt/airflow/dags/tutorial.py
[2023-05-08T16:46:40.844+0000] {processor.py:743} INFO - Processing file /opt/airflow/dags/tutorial.py for tasks to queue
[2023-05-08T16:46:40.846+0000] {logging_mixin.py:137} INFO - [2023-05-08T16:46:40.845+0000] {dagbag.py:538} INFO - Filling up the DagBag from /opt/airflow/dags/tutorial.py
[2023-05-08T16:46:40.948+0000] {processor.py:753} INFO - DAG(s) dict_keys(['tutorial']) retrieved from /opt/airflow/dags/tutorial.py
[2023-05-08T16:46:41.121+0000] {logging_mixin.py:137} INFO - [2023-05-08T16:46:41.120+0000] {dag.py:2690} INFO - Sync 1 DAGs
[2023-05-08T16:46:41.277+0000] {logging_mixin.py:137} INFO - [2023-05-08T16:46:41.277+0000] {dag.py:3441} INFO - Setting next_dagrun for tutorial to 2015-06-01T00:00:00+00:00, run_after=2015-06-02T00:00:00+00:00
[2023-05-08T16:46:41.387+0000] {processor.py:175} INFO - Processing /opt/airflow/dags/tutorial.py took 0.568 seconds
[2023-05-08T16:47:11.648+0000] {processor.py:153} INFO - Started process (PID=430) to work on /opt/airflow/dags/tutorial.py
[2023-05-08T16:47:11.650+0000] {processor.py:743} INFO - Processing file /opt/airflow/dags/tutorial.py for tasks to queue
[2023-05-08T16:47:11.653+0000] {logging_mixin.py:137} INFO - [2023-05-08T16:47:11.652+0000] {dagbag.py:538} INFO - Filling up the DagBag from /opt/airflow/dags/tutorial.py
[2023-05-08T16:47:11.710+0000] {processor.py:753} INFO - DAG(s) dict_keys(['tutorial']) retrieved from /opt/airflow/dags/tutorial.py
[2023-05-08T16:47:11.788+0000] {logging_mixin.py:137} INFO - [2023-05-08T16:47:11.787+0000] {dag.py:2690} INFO - Sync 1 DAGs
[2023-05-08T16:47:11.881+0000] {logging_mixin.py:137} INFO - [2023-05-08T16:47:11.881+0000] {dag.py:3441} INFO - Setting next_dagrun for tutorial to 2015-06-01T00:00:00+00:00, run_after=2015-06-02T00:00:00+00:00
[2023-05-08T16:47:11.935+0000] {processor.py:175} INFO - Processing /opt/airflow/dags/tutorial.py took 0.294 seconds
[2023-05-08T16:47:42.409+0000] {processor.py:153} INFO - Started process (PID=457) to work on /opt/airflow/dags/tutorial.py
[2023-05-08T16:47:42.412+0000] {processor.py:743} INFO - Processing file /opt/airflow/dags/tutorial.py for tasks to queue
[2023-05-08T16:47:42.413+0000] {logging_mixin.py:137} INFO - [2023-05-08T16:47:42.413+0000] {dagbag.py:538} INFO - Filling up the DagBag from /opt/airflow/dags/tutorial.py
[2023-05-08T16:47:42.476+0000] {processor.py:753} INFO - DAG(s) dict_keys(['tutorial']) retrieved from /opt/airflow/dags/tutorial.py
[2023-05-08T16:47:42.541+0000] {logging_mixin.py:137} INFO - [2023-05-08T16:47:42.540+0000] {dag.py:2690} INFO - Sync 1 DAGs
[2023-05-08T16:47:42.620+0000] {logging_mixin.py:137} INFO - [2023-05-08T16:47:42.620+0000] {dag.py:3441} INFO - Setting next_dagrun for tutorial to 2015-06-01T00:00:00+00:00, run_after=2015-06-02T00:00:00+00:00
[2023-05-08T16:47:42.683+0000] {processor.py:175} INFO - Processing /opt/airflow/dags/tutorial.py took 0.285 seconds
[2023-05-08T16:48:12.906+0000] {processor.py:153} INFO - Started process (PID=484) to work on /opt/airflow/dags/tutorial.py
[2023-05-08T16:48:12.921+0000] {processor.py:743} INFO - Processing file /opt/airflow/dags/tutorial.py for tasks to queue
[2023-05-08T16:48:12.940+0000] {logging_mixin.py:137} INFO - [2023-05-08T16:48:12.939+0000] {dagbag.py:538} INFO - Filling up the DagBag from /opt/airflow/dags/tutorial.py
[2023-05-08T16:48:13.038+0000] {processor.py:753} INFO - DAG(s) dict_keys(['tutorial']) retrieved from /opt/airflow/dags/tutorial.py
[2023-05-08T16:48:13.186+0000] {logging_mixin.py:137} INFO - [2023-05-08T16:48:13.186+0000] {dag.py:2690} INFO - Sync 1 DAGs
[2023-05-08T16:48:13.437+0000] {logging_mixin.py:137} INFO - [2023-05-08T16:48:13.437+0000] {dag.py:3441} INFO - Setting next_dagrun for tutorial to 2015-06-01T00:00:00+00:00, run_after=2015-06-02T00:00:00+00:00
[2023-05-08T16:48:13.651+0000] {processor.py:175} INFO - Processing /opt/airflow/dags/tutorial.py took 0.779 seconds
[2023-05-08T16:48:44.237+0000] {processor.py:153} INFO - Started process (PID=498) to work on /opt/airflow/dags/tutorial.py
[2023-05-08T16:48:44.239+0000] {processor.py:743} INFO - Processing file /opt/airflow/dags/tutorial.py for tasks to queue
[2023-05-08T16:48:44.241+0000] {logging_mixin.py:137} INFO - [2023-05-08T16:48:44.241+0000] {dagbag.py:538} INFO - Filling up the DagBag from /opt/airflow/dags/tutorial.py
[2023-05-08T16:48:44.284+0000] {processor.py:753} INFO - DAG(s) dict_keys(['tutorial']) retrieved from /opt/airflow/dags/tutorial.py
[2023-05-08T16:48:44.343+0000] {logging_mixin.py:137} INFO - [2023-05-08T16:48:44.342+0000] {dag.py:2690} INFO - Sync 1 DAGs
[2023-05-08T16:48:44.402+0000] {logging_mixin.py:137} INFO - [2023-05-08T16:48:44.402+0000] {dag.py:3441} INFO - Setting next_dagrun for tutorial to 2015-06-01T00:00:00+00:00, run_after=2015-06-02T00:00:00+00:00
[2023-05-08T16:48:44.465+0000] {processor.py:175} INFO - Processing /opt/airflow/dags/tutorial.py took 0.234 seconds
[2023-05-08T16:49:15.093+0000] {processor.py:153} INFO - Started process (PID=524) to work on /opt/airflow/dags/tutorial.py
[2023-05-08T16:49:15.095+0000] {processor.py:743} INFO - Processing file /opt/airflow/dags/tutorial.py for tasks to queue
[2023-05-08T16:49:15.098+0000] {logging_mixin.py:137} INFO - [2023-05-08T16:49:15.098+0000] {dagbag.py:538} INFO - Filling up the DagBag from /opt/airflow/dags/tutorial.py
[2023-05-08T16:49:15.333+0000] {processor.py:753} INFO - DAG(s) dict_keys(['tutorial']) retrieved from /opt/airflow/dags/tutorial.py
[2023-05-08T16:49:15.495+0000] {logging_mixin.py:137} INFO - [2023-05-08T16:49:15.494+0000] {dag.py:2690} INFO - Sync 1 DAGs
[2023-05-08T16:49:15.634+0000] {logging_mixin.py:137} INFO - [2023-05-08T16:49:15.634+0000] {dag.py:3441} INFO - Setting next_dagrun for tutorial to 2015-06-01T00:00:00+00:00, run_after=2015-06-02T00:00:00+00:00
[2023-05-08T16:49:15.735+0000] {processor.py:175} INFO - Processing /opt/airflow/dags/tutorial.py took 0.650 seconds
[2023-05-08T16:49:46.227+0000] {processor.py:153} INFO - Started process (PID=551) to work on /opt/airflow/dags/tutorial.py
[2023-05-08T16:49:46.229+0000] {processor.py:743} INFO - Processing file /opt/airflow/dags/tutorial.py for tasks to queue
[2023-05-08T16:49:46.231+0000] {logging_mixin.py:137} INFO - [2023-05-08T16:49:46.230+0000] {dagbag.py:538} INFO - Filling up the DagBag from /opt/airflow/dags/tutorial.py
[2023-05-08T16:49:46.305+0000] {processor.py:753} INFO - DAG(s) dict_keys(['tutorial']) retrieved from /opt/airflow/dags/tutorial.py
[2023-05-08T16:49:46.380+0000] {logging_mixin.py:137} INFO - [2023-05-08T16:49:46.380+0000] {dag.py:2690} INFO - Sync 1 DAGs
[2023-05-08T16:49:46.443+0000] {logging_mixin.py:137} INFO - [2023-05-08T16:49:46.443+0000] {dag.py:3441} INFO - Setting next_dagrun for tutorial to 2015-06-01T00:00:00+00:00, run_after=2015-06-02T00:00:00+00:00
[2023-05-08T16:49:46.488+0000] {processor.py:175} INFO - Processing /opt/airflow/dags/tutorial.py took 0.266 seconds
[2023-05-08T16:50:16.798+0000] {processor.py:153} INFO - Started process (PID=578) to work on /opt/airflow/dags/tutorial.py
[2023-05-08T16:50:16.806+0000] {processor.py:743} INFO - Processing file /opt/airflow/dags/tutorial.py for tasks to queue
[2023-05-08T16:50:16.808+0000] {logging_mixin.py:137} INFO - [2023-05-08T16:50:16.808+0000] {dagbag.py:538} INFO - Filling up the DagBag from /opt/airflow/dags/tutorial.py
[2023-05-08T16:50:16.896+0000] {processor.py:753} INFO - DAG(s) dict_keys(['tutorial']) retrieved from /opt/airflow/dags/tutorial.py
[2023-05-08T16:50:17.119+0000] {logging_mixin.py:137} INFO - [2023-05-08T16:50:17.119+0000] {dag.py:2690} INFO - Sync 1 DAGs
[2023-05-08T16:50:17.244+0000] {logging_mixin.py:137} INFO - [2023-05-08T16:50:17.244+0000] {dag.py:3441} INFO - Setting next_dagrun for tutorial to 2015-06-01T00:00:00+00:00, run_after=2015-06-02T00:00:00+00:00
[2023-05-08T16:50:17.341+0000] {processor.py:175} INFO - Processing /opt/airflow/dags/tutorial.py took 0.554 seconds
[2023-05-08T16:50:47.791+0000] {processor.py:153} INFO - Started process (PID=602) to work on /opt/airflow/dags/tutorial.py
[2023-05-08T16:50:47.792+0000] {processor.py:743} INFO - Processing file /opt/airflow/dags/tutorial.py for tasks to queue
[2023-05-08T16:50:47.794+0000] {logging_mixin.py:137} INFO - [2023-05-08T16:50:47.794+0000] {dagbag.py:538} INFO - Filling up the DagBag from /opt/airflow/dags/tutorial.py
[2023-05-08T16:50:47.876+0000] {processor.py:753} INFO - DAG(s) dict_keys(['tutorial']) retrieved from /opt/airflow/dags/tutorial.py
[2023-05-08T16:50:47.974+0000] {logging_mixin.py:137} INFO - [2023-05-08T16:50:47.973+0000] {dag.py:2690} INFO - Sync 1 DAGs
[2023-05-08T16:50:48.093+0000] {logging_mixin.py:137} INFO - [2023-05-08T16:50:48.088+0000] {dag.py:3441} INFO - Setting next_dagrun for tutorial to 2015-06-01T00:00:00+00:00, run_after=2015-06-02T00:00:00+00:00
[2023-05-08T16:50:48.158+0000] {processor.py:175} INFO - Processing /opt/airflow/dags/tutorial.py took 0.381 seconds
[2023-05-08T16:51:18.538+0000] {processor.py:153} INFO - Started process (PID=620) to work on /opt/airflow/dags/tutorial.py
[2023-05-08T16:51:18.539+0000] {processor.py:743} INFO - Processing file /opt/airflow/dags/tutorial.py for tasks to queue
[2023-05-08T16:51:18.541+0000] {logging_mixin.py:137} INFO - [2023-05-08T16:51:18.541+0000] {dagbag.py:538} INFO - Filling up the DagBag from /opt/airflow/dags/tutorial.py
[2023-05-08T16:51:18.584+0000] {processor.py:753} INFO - DAG(s) dict_keys(['tutorial']) retrieved from /opt/airflow/dags/tutorial.py
[2023-05-08T16:51:18.643+0000] {logging_mixin.py:137} INFO - [2023-05-08T16:51:18.643+0000] {dag.py:2690} INFO - Sync 1 DAGs
[2023-05-08T16:51:18.724+0000] {logging_mixin.py:137} INFO - [2023-05-08T16:51:18.724+0000] {dag.py:3441} INFO - Setting next_dagrun for tutorial to 2015-06-01T00:00:00+00:00, run_after=2015-06-02T00:00:00+00:00
[2023-05-08T16:51:18.779+0000] {processor.py:175} INFO - Processing /opt/airflow/dags/tutorial.py took 0.247 seconds
[2023-05-08T16:51:49.478+0000] {processor.py:153} INFO - Started process (PID=646) to work on /opt/airflow/dags/tutorial.py
[2023-05-08T16:51:49.496+0000] {processor.py:743} INFO - Processing file /opt/airflow/dags/tutorial.py for tasks to queue
[2023-05-08T16:51:49.510+0000] {logging_mixin.py:137} INFO - [2023-05-08T16:51:49.509+0000] {dagbag.py:538} INFO - Filling up the DagBag from /opt/airflow/dags/tutorial.py
[2023-05-08T16:51:50.283+0000] {processor.py:753} INFO - DAG(s) dict_keys(['tutorial']) retrieved from /opt/airflow/dags/tutorial.py
[2023-05-08T16:51:50.536+0000] {logging_mixin.py:137} INFO - [2023-05-08T16:51:50.536+0000] {dag.py:2690} INFO - Sync 1 DAGs
[2023-05-08T16:51:50.931+0000] {logging_mixin.py:137} INFO - [2023-05-08T16:51:50.931+0000] {dag.py:3441} INFO - Setting next_dagrun for tutorial to 2015-06-01T00:00:00+00:00, run_after=2015-06-02T00:00:00+00:00
[2023-05-08T16:51:51.339+0000] {processor.py:175} INFO - Processing /opt/airflow/dags/tutorial.py took 1.872 seconds
